<?xml version="1.0" encoding="UTF-8"?>
<testsuite name="com.emse.spring.faircorp.FaircorpApplicationTests" tests="1" skipped="0" failures="0" errors="0" timestamp="2022-11-14T16:08:53" hostname="PC-THIBAULT-BOR" time="0.155">
  <properties/>
  <testcase name="contextLoads()" classname="com.emse.spring.faircorp.FaircorpApplicationTests" time="0.155"/>
  <system-out><![CDATA[17:08:46.468 [Test worker] DEBUG org.springframework.test.context.BootstrapUtils - Instantiating CacheAwareContextLoaderDelegate from class [org.springframework.test.context.cache.DefaultCacheAwareContextLoaderDelegate]
17:08:46.480 [Test worker] DEBUG org.springframework.test.context.BootstrapUtils - Instantiating BootstrapContext using constructor [public org.springframework.test.context.support.DefaultBootstrapContext(java.lang.Class,org.springframework.test.context.CacheAwareContextLoaderDelegate)]
17:08:46.511 [Test worker] DEBUG org.springframework.test.context.BootstrapUtils - Instantiating TestContextBootstrapper for test class [com.emse.spring.faircorp.FaircorpApplicationTests] from class [org.springframework.boot.test.context.SpringBootTestContextBootstrapper]
17:08:46.522 [Test worker] INFO org.springframework.boot.test.context.SpringBootTestContextBootstrapper - Neither @ContextConfiguration nor @ContextHierarchy found for test class [com.emse.spring.faircorp.FaircorpApplicationTests], using SpringBootContextLoader
17:08:46.526 [Test worker] DEBUG org.springframework.test.context.support.AbstractContextLoader - Did not detect default resource location for test class [com.emse.spring.faircorp.FaircorpApplicationTests]: class path resource [com/emse/spring/faircorp/FaircorpApplicationTests-context.xml] does not exist
17:08:46.526 [Test worker] DEBUG org.springframework.test.context.support.AbstractContextLoader - Did not detect default resource location for test class [com.emse.spring.faircorp.FaircorpApplicationTests]: class path resource [com/emse/spring/faircorp/FaircorpApplicationTestsContext.groovy] does not exist
17:08:46.526 [Test worker] INFO org.springframework.test.context.support.AbstractContextLoader - Could not detect default resource locations for test class [com.emse.spring.faircorp.FaircorpApplicationTests]: no resource found for suffixes {-context.xml, Context.groovy}.
17:08:46.527 [Test worker] INFO org.springframework.test.context.support.AnnotationConfigContextLoaderUtils - Could not detect default configuration classes for test class [com.emse.spring.faircorp.FaircorpApplicationTests]: FaircorpApplicationTests does not declare any static, non-private, non-final, nested classes annotated with @Configuration.
17:08:46.571 [Test worker] DEBUG org.springframework.test.context.support.ActiveProfilesUtils - Could not find an 'annotation declaring class' for annotation type [org.springframework.test.context.ActiveProfiles] and class [com.emse.spring.faircorp.FaircorpApplicationTests]
17:08:46.617 [Test worker] DEBUG org.springframework.context.annotation.ClassPathScanningCandidateComponentProvider - Identified candidate component class: file [C:\Users\franc\Desktop\cours\EMSE_2A\Majeur info\faircorp\faircorp\build\classes\java\main\com\emse\spring\faircorp\FaircorpApplication.class]
17:08:46.621 [Test worker] INFO org.springframework.boot.test.context.SpringBootTestContextBootstrapper - Found @SpringBootConfiguration com.emse.spring.faircorp.FaircorpApplication for test class com.emse.spring.faircorp.FaircorpApplicationTests
17:08:46.704 [Test worker] DEBUG org.springframework.boot.test.context.SpringBootTestContextBootstrapper - @TestExecutionListeners is not present for class [com.emse.spring.faircorp.FaircorpApplicationTests]: using defaults.
17:08:46.705 [Test worker] INFO org.springframework.boot.test.context.SpringBootTestContextBootstrapper - Loaded default TestExecutionListener class names from location [META-INF/spring.factories]: [org.springframework.security.test.context.support.WithSecurityContextTestExecutionListener, org.springframework.security.test.context.support.ReactorContextTestExecutionListener, org.springframework.boot.test.autoconfigure.restdocs.RestDocsTestExecutionListener, org.springframework.boot.test.autoconfigure.web.client.MockRestServiceServerResetTestExecutionListener, org.springframework.boot.test.autoconfigure.web.servlet.MockMvcPrintOnlyOnFailureTestExecutionListener, org.springframework.boot.test.autoconfigure.web.servlet.WebDriverTestExecutionListener, org.springframework.boot.test.autoconfigure.webservices.client.MockWebServiceServerTestExecutionListener, org.springframework.boot.test.mock.mockito.MockitoTestExecutionListener, org.springframework.boot.test.mock.mockito.ResetMocksTestExecutionListener, org.springframework.test.context.web.ServletTestExecutionListener, org.springframework.test.context.support.DirtiesContextBeforeModesTestExecutionListener, org.springframework.test.context.event.ApplicationEventsTestExecutionListener, org.springframework.test.context.support.DependencyInjectionTestExecutionListener, org.springframework.test.context.support.DirtiesContextTestExecutionListener, org.springframework.test.context.transaction.TransactionalTestExecutionListener, org.springframework.test.context.jdbc.SqlScriptsTestExecutionListener, org.springframework.test.context.event.EventPublishingTestExecutionListener]
17:08:46.721 [Test worker] INFO org.springframework.boot.test.context.SpringBootTestContextBootstrapper - Using TestExecutionListeners: [org.springframework.test.context.web.ServletTestExecutionListener@1eba372c, org.springframework.test.context.support.DirtiesContextBeforeModesTestExecutionListener@21ec5d87, org.springframework.test.context.event.ApplicationEventsTestExecutionListener@25f9407e, org.springframework.boot.test.mock.mockito.MockitoTestExecutionListener@552518c3, org.springframework.boot.test.autoconfigure.SpringBootDependencyInjectionTestExecutionListener@1a69561c, org.springframework.test.context.support.DirtiesContextTestExecutionListener@59aa20b3, org.springframework.test.context.transaction.TransactionalTestExecutionListener@363f6148, org.springframework.test.context.jdbc.SqlScriptsTestExecutionListener@4b21844c, org.springframework.security.test.context.support.WithSecurityContextTestExecutionListener@1b28f282, org.springframework.test.context.event.EventPublishingTestExecutionListener@138fe6ec, org.springframework.security.test.context.support.ReactorContextTestExecutionListener@5e77f0f4, org.springframework.boot.test.autoconfigure.restdocs.RestDocsTestExecutionListener@19b30c92, org.springframework.boot.test.autoconfigure.web.client.MockRestServiceServerResetTestExecutionListener@455351c4, org.springframework.boot.test.autoconfigure.web.servlet.MockMvcPrintOnlyOnFailureTestExecutionListener@29876704, org.springframework.boot.test.autoconfigure.web.servlet.WebDriverTestExecutionListener@4816c290, org.springframework.boot.test.autoconfigure.webservices.client.MockWebServiceServerTestExecutionListener@4940809c, org.springframework.boot.test.mock.mockito.ResetMocksTestExecutionListener@16423501]
17:08:46.724 [Test worker] DEBUG org.springframework.test.context.support.AbstractDirtiesContextTestExecutionListener - Before test class: context [DefaultTestContext@2e5c7f0b testClass = FaircorpApplicationTests, testInstance = [null], testMethod = [null], testException = [null], mergedContextConfiguration = [WebMergedContextConfiguration@21d5c1a0 testClass = FaircorpApplicationTests, locations = '{}', classes = '{class com.emse.spring.faircorp.FaircorpApplication}', contextInitializerClasses = '[]', activeProfiles = '{}', propertySourceLocations = '{}', propertySourceProperties = '{org.springframework.boot.test.context.SpringBootTestContextBootstrapper=true}', contextCustomizers = set[org.springframework.boot.test.autoconfigure.actuate.metrics.MetricsExportContextCustomizerFactory$DisableMetricExportContextCustomizer@51972dc7, org.springframework.boot.test.autoconfigure.properties.PropertyMappingContextCustomizer@0, org.springframework.boot.test.autoconfigure.web.servlet.WebDriverContextCustomizerFactory$Customizer@6622fc65, org.springframework.boot.test.context.filter.ExcludeFilterContextCustomizer@64ba3208, org.springframework.boot.test.json.DuplicateJsonObjectContextCustomizerFactory$DuplicateJsonObjectContextCustomizer@2f17e30d, org.springframework.boot.test.mock.mockito.MockitoContextCustomizer@0, org.springframework.boot.test.web.client.TestRestTemplateContextCustomizer@23bff419, org.springframework.boot.test.context.SpringBootTestArgs@1, org.springframework.boot.test.context.SpringBootTestWebEnvironment@614ca7df], resourceBasePath = 'src/main/webapp', contextLoader = 'org.springframework.boot.test.context.SpringBootContextLoader', parent = [null]], attributes = map['org.springframework.test.context.web.ServletTestExecutionListener.activateListener' -> true]], class annotated with @DirtiesContext [false] with mode [null].

  .   ____          _            __ _ _
 /\\ / ___'_ __ _ _(_)_ __  __ _ \ \ \ \
( ( )\___ | '_ | '_| | '_ \/ _` | \ \ \ \
 \\/  ___)| |_)| | | | | || (_| |  ) ) ) )
  '  |____| .__|_| |_|_| |_\__, | / / / /
 =========|_|==============|___/=/_/_/_/
 :: Spring Boot ::                (v2.7.3)

2022-11-14 17:08:47.010  INFO 28588 --- [    Test worker] c.e.s.faircorp.FaircorpApplicationTests  : Starting FaircorpApplicationTests using Java 17.0.2 on PC-Thibault-BORDE with PID 28588 (started by Thibault in C:\Users\franc\Desktop\cours\EMSE_2A\Majeur info\faircorp\faircorp)
2022-11-14 17:08:47.011  INFO 28588 --- [    Test worker] c.e.s.faircorp.FaircorpApplicationTests  : No active profile set, falling back to 1 default profile: "default"
2022-11-14 17:08:47.845  INFO 28588 --- [    Test worker] .s.d.r.c.RepositoryConfigurationDelegate : Bootstrapping Spring Data JPA repositories in DEFAULT mode.
2022-11-14 17:08:47.926  INFO 28588 --- [    Test worker] .s.d.r.c.RepositoryConfigurationDelegate : Finished Spring Data repository scanning in 70 ms. Found 3 JPA repository interfaces.
2022-11-14 17:08:48.628  INFO 28588 --- [    Test worker] com.zaxxer.hikari.HikariDataSource       : HikariPool-1 - Starting...
2022-11-14 17:08:48.821  INFO 28588 --- [    Test worker] com.zaxxer.hikari.HikariDataSource       : HikariPool-1 - Start completed.
2022-11-14 17:08:48.897  INFO 28588 --- [    Test worker] o.hibernate.jpa.internal.util.LogHelper  : HHH000204: Processing PersistenceUnitInfo [name: default]
2022-11-14 17:08:48.980  INFO 28588 --- [    Test worker] org.hibernate.Version                    : HHH000412: Hibernate ORM core version 5.6.10.Final
2022-11-14 17:08:49.189  INFO 28588 --- [    Test worker] o.hibernate.annotations.common.Version   : HCANN000001: Hibernate Commons Annotations {5.1.2.Final}
2022-11-14 17:08:49.306  INFO 28588 --- [    Test worker] org.hibernate.dialect.Dialect            : HHH000400: Using dialect: org.hibernate.dialect.H2Dialect
Hibernate: drop table if exists heater CASCADE 
Hibernate: drop table if exists room CASCADE 
Hibernate: drop table if exists rwindow CASCADE 
Hibernate: drop sequence if exists hibernate_sequence
Hibernate: create sequence hibernate_sequence start with 1 increment by 1
Hibernate: create table heater (id bigint not null, heater_status varchar(255), name varchar(255) not null, power bigint, room_id bigint, primary key (id))
Hibernate: create table room (id bigint not null, current_temperature double, floor integer not null, name varchar(255) not null, target_temperature double, primary key (id))
Hibernate: create table rwindow (id bigint not null, name varchar(255) not null, window_status varchar(255), room_id bigint, primary key (id))
Hibernate: alter table heater add constraint FKba10hbsubifukw0monybjx3a0 foreign key (room_id) references room
Hibernate: alter table rwindow add constraint FK621arbu4dtuis4nf2o3xtapfn foreign key (room_id) references room
2022-11-14 17:08:50.060  INFO 28588 --- [    Test worker] o.h.e.t.j.p.i.JtaPlatformInitiator       : HHH000490: Using JtaPlatform implementation: [org.hibernate.engine.transaction.jta.platform.internal.NoJtaPlatform]
2022-11-14 17:08:50.069  INFO 28588 --- [    Test worker] j.LocalContainerEntityManagerFactoryBean : Initialized JPA EntityManagerFactory for persistence unit 'default'
2022-11-14 17:08:51.385  WARN 28588 --- [    Test worker] JpaBaseConfiguration$JpaWebConfiguration : spring.jpa.open-in-view is enabled by default. Therefore, database queries may be performed during view rendering. Explicitly configure spring.jpa.open-in-view to disable this warning
2022-11-14 17:08:51.652  INFO 28588 --- [    Test worker] o.s.b.a.h2.H2ConsoleAutoConfiguration    : H2 console available at '/console'. Database available at 'jdbc:h2:mem:faircorp'
2022-11-14 17:08:52.874  INFO 28588 --- [    Test worker] o.s.s.web.DefaultSecurityFilterChain     : Will secure Ant [pattern='/api/**'] with [org.springframework.security.web.session.DisableEncodeUrlFilter@197da701, org.springframework.security.web.context.request.async.WebAsyncManagerIntegrationFilter@35fd03d9, org.springframework.security.web.context.SecurityContextPersistenceFilter@3ed3e66d, org.springframework.security.web.header.HeaderWriterFilter@3d6c7152, org.springframework.security.web.csrf.CsrfFilter@2a728076, org.springframework.security.web.authentication.logout.LogoutFilter@643f8ebe, org.springframework.security.web.authentication.UsernamePasswordAuthenticationFilter@700596f9, org.springframework.security.web.authentication.ui.DefaultLoginPageGeneratingFilter@4117e0c9, org.springframework.security.web.authentication.ui.DefaultLogoutPageGeneratingFilter@77737e3e, org.springframework.security.web.authentication.www.BasicAuthenticationFilter@33f3ebfc, org.springframework.security.web.savedrequest.RequestCacheAwareFilter@30942f54, org.springframework.security.web.servletapi.SecurityContextHolderAwareRequestFilter@11d557a5, org.springframework.security.web.authentication.AnonymousAuthenticationFilter@42e32feb, org.springframework.security.web.session.SessionManagementFilter@85104d6, org.springframework.security.web.access.ExceptionTranslationFilter@f4aec23, org.springframework.security.web.access.intercept.FilterSecurityInterceptor@2c4eda3a]
2022-11-14 17:08:52.881  INFO 28588 --- [    Test worker] o.s.s.web.DefaultSecurityFilterChain     : Will secure any request with [org.springframework.security.web.session.DisableEncodeUrlFilter@4d86f330, org.springframework.security.web.context.request.async.WebAsyncManagerIntegrationFilter@1e8b0ab5, org.springframework.security.web.context.SecurityContextPersistenceFilter@289b7efe, org.springframework.security.web.header.HeaderWriterFilter@57f1fbae, org.springframework.security.web.csrf.CsrfFilter@6f0df74, org.springframework.security.web.authentication.logout.LogoutFilter@606d2a92, org.springframework.security.web.authentication.UsernamePasswordAuthenticationFilter@40e41f88, org.springframework.security.web.authentication.ui.DefaultLoginPageGeneratingFilter@449f9628, org.springframework.security.web.authentication.ui.DefaultLogoutPageGeneratingFilter@7ef34eb3, org.springframework.security.web.authentication.www.BasicAuthenticationFilter@27b7913, org.springframework.security.web.savedrequest.RequestCacheAwareFilter@34ac72c3, org.springframework.security.web.servletapi.SecurityContextHolderAwareRequestFilter@6cd8c373, org.springframework.security.web.authentication.AnonymousAuthenticationFilter@2719139f, org.springframework.security.web.session.SessionManagementFilter@28901fe7, org.springframework.security.web.access.ExceptionTranslationFilter@42bbd21c, org.springframework.security.web.access.intercept.FilterSecurityInterceptor@20ee660b]
2022-11-14 17:08:53.116  INFO 28588 --- [    Test worker] o.s.b.a.w.s.WelcomePageHandlerMapping    : Adding welcome page: class path resource [static/index.html]
2022-11-14 17:08:53.785  INFO 28588 --- [    Test worker] c.e.s.faircorp.FaircorpApplicationTests  : Started FaircorpApplicationTests in 7.026 seconds (JVM running for 8.326)
Hello, Spring!
]]></system-out>
  <system-err><![CDATA[]]></system-err>
</testsuite>
