<?xml version="1.0" encoding="UTF-8"?>
<testsuite name="com.emse.spring.faircorp.api.WindowControllerTest" tests="7" skipped="0" failures="0" errors="0" timestamp="2022-11-14T16:08:55" hostname="PC-THIBAULT-BOR" time="0.21">
  <properties/>
  <testcase name="shouldLoadAWindow()" classname="com.emse.spring.faircorp.api.WindowControllerTest" time="0.148"/>
  <testcase name="shouldSwitchWindow()" classname="com.emse.spring.faircorp.api.WindowControllerTest" time="0.008"/>
  <testcase name="shouldCreateWindow()" classname="com.emse.spring.faircorp.api.WindowControllerTest" time="0.015"/>
  <testcase name="shouldUpdateWindow()" classname="com.emse.spring.faircorp.api.WindowControllerTest" time="0.009"/>
  <testcase name="shouldLoadWindows()" classname="com.emse.spring.faircorp.api.WindowControllerTest" time="0.011"/>
  <testcase name="shouldDeleteWindow()" classname="com.emse.spring.faircorp.api.WindowControllerTest" time="0.005"/>
  <testcase name="shouldLoadAWindowAndReturnNullIfNotFound()" classname="com.emse.spring.faircorp.api.WindowControllerTest" time="0.006"/>
  <system-out><![CDATA[2022-11-14 17:08:54.631  INFO 28588 --- [    Test worker] .b.t.a.w.s.WebMvcTestContextBootstrapper : Neither @ContextConfiguration nor @ContextHierarchy found for test class [com.emse.spring.faircorp.api.WindowControllerTest], using SpringBootContextLoader
2022-11-14 17:08:54.632  INFO 28588 --- [    Test worker] o.s.t.c.support.AbstractContextLoader    : Could not detect default resource locations for test class [com.emse.spring.faircorp.api.WindowControllerTest]: no resource found for suffixes {-context.xml, Context.groovy}.
2022-11-14 17:08:54.632  INFO 28588 --- [    Test worker] t.c.s.AnnotationConfigContextLoaderUtils : Could not detect default configuration classes for test class [com.emse.spring.faircorp.api.WindowControllerTest]: WindowControllerTest does not declare any static, non-private, non-final, nested classes annotated with @Configuration.
2022-11-14 17:08:54.639  INFO 28588 --- [    Test worker] .b.t.c.SpringBootTestContextBootstrapper : Found @SpringBootConfiguration com.emse.spring.faircorp.FaircorpApplication for test class com.emse.spring.faircorp.api.WindowControllerTest
2022-11-14 17:08:54.640  INFO 28588 --- [    Test worker] .b.t.a.w.s.WebMvcTestContextBootstrapper : Loaded default TestExecutionListener class names from location [META-INF/spring.factories]: [org.springframework.security.test.context.support.WithSecurityContextTestExecutionListener, org.springframework.security.test.context.support.ReactorContextTestExecutionListener, org.springframework.boot.test.autoconfigure.restdocs.RestDocsTestExecutionListener, org.springframework.boot.test.autoconfigure.web.client.MockRestServiceServerResetTestExecutionListener, org.springframework.boot.test.autoconfigure.web.servlet.MockMvcPrintOnlyOnFailureTestExecutionListener, org.springframework.boot.test.autoconfigure.web.servlet.WebDriverTestExecutionListener, org.springframework.boot.test.autoconfigure.webservices.client.MockWebServiceServerTestExecutionListener, org.springframework.boot.test.mock.mockito.MockitoTestExecutionListener, org.springframework.boot.test.mock.mockito.ResetMocksTestExecutionListener, org.springframework.test.context.web.ServletTestExecutionListener, org.springframework.test.context.support.DirtiesContextBeforeModesTestExecutionListener, org.springframework.test.context.event.ApplicationEventsTestExecutionListener, org.springframework.test.context.support.DependencyInjectionTestExecutionListener, org.springframework.test.context.support.DirtiesContextTestExecutionListener, org.springframework.test.context.transaction.TransactionalTestExecutionListener, org.springframework.test.context.jdbc.SqlScriptsTestExecutionListener, org.springframework.test.context.event.EventPublishingTestExecutionListener]
2022-11-14 17:08:54.641  INFO 28588 --- [    Test worker] .b.t.a.w.s.WebMvcTestContextBootstrapper : Using TestExecutionListeners: [org.springframework.test.context.web.ServletTestExecutionListener@3b0b20a8, org.springframework.test.context.support.DirtiesContextBeforeModesTestExecutionListener@1d7135c, org.springframework.test.context.event.ApplicationEventsTestExecutionListener@2c2f4769, org.springframework.boot.test.mock.mockito.MockitoTestExecutionListener@62e7e3df, org.springframework.boot.test.autoconfigure.SpringBootDependencyInjectionTestExecutionListener@8b814b, org.springframework.test.context.support.DirtiesContextTestExecutionListener@397f3ff5, org.springframework.test.context.transaction.TransactionalTestExecutionListener@6f3d33bc, org.springframework.test.context.jdbc.SqlScriptsTestExecutionListener@3299cc9f, org.springframework.security.test.context.support.WithSecurityContextTestExecutionListener@6e44825e, org.springframework.test.context.event.EventPublishingTestExecutionListener@2e8488f4, org.springframework.security.test.context.support.ReactorContextTestExecutionListener@2822ee4b, org.springframework.boot.test.autoconfigure.restdocs.RestDocsTestExecutionListener@54a332e4, org.springframework.boot.test.autoconfigure.web.client.MockRestServiceServerResetTestExecutionListener@1e3f0c5c, org.springframework.boot.test.autoconfigure.web.servlet.MockMvcPrintOnlyOnFailureTestExecutionListener@1476e447, org.springframework.boot.test.autoconfigure.web.servlet.WebDriverTestExecutionListener@2b991034, org.springframework.boot.test.autoconfigure.webservices.client.MockWebServiceServerTestExecutionListener@666033b1, org.springframework.boot.test.mock.mockito.ResetMocksTestExecutionListener@db9ecd]

  .   ____          _            __ _ _
 /\\ / ___'_ __ _ _(_)_ __  __ _ \ \ \ \
( ( )\___ | '_ | '_| | '_ \/ _` | \ \ \ \
 \\/  ___)| |_)| | | | | || (_| |  ) ) ) )
  '  |____| .__|_| |_|_| |_\__, | / / / /
 =========|_|==============|___/=/_/_/_/
 :: Spring Boot ::                (v2.7.3)

2022-11-14 17:08:54.668  INFO 28588 --- [    Test worker] c.e.s.faircorp.api.WindowControllerTest  : Starting WindowControllerTest using Java 17.0.2 on PC-Thibault-BORDE with PID 28588 (started by Thibault in C:\Users\franc\Desktop\cours\EMSE_2A\Majeur info\faircorp\faircorp)
2022-11-14 17:08:54.669  INFO 28588 --- [    Test worker] c.e.s.faircorp.api.WindowControllerTest  : No active profile set, falling back to 1 default profile: "default"
2022-11-14 17:08:55.122  INFO 28588 --- [    Test worker] o.s.b.a.w.s.WelcomePageHandlerMapping    : Adding welcome page: class path resource [static/index.html]
2022-11-14 17:08:55.322  INFO 28588 --- [    Test worker] o.s.s.web.DefaultSecurityFilterChain     : Will secure any request with [org.springframework.security.web.session.DisableEncodeUrlFilter@13ac7281, org.springframework.security.web.context.request.async.WebAsyncManagerIntegrationFilter@7740028a, org.springframework.security.web.context.SecurityContextPersistenceFilter@3744c760, org.springframework.security.web.header.HeaderWriterFilter@21e72fb2, org.springframework.security.web.csrf.CsrfFilter@470a2845, org.springframework.security.web.authentication.logout.LogoutFilter@5b628376, org.springframework.security.web.authentication.UsernamePasswordAuthenticationFilter@2e5337d8, org.springframework.security.web.authentication.ui.DefaultLoginPageGeneratingFilter@1181a376, org.springframework.security.web.authentication.ui.DefaultLogoutPageGeneratingFilter@409a164d, org.springframework.security.web.authentication.www.BasicAuthenticationFilter@ab40f46, org.springframework.security.web.savedrequest.RequestCacheAwareFilter@7cb4fc46, org.springframework.security.web.servletapi.SecurityContextHolderAwareRequestFilter@64b6d6dd, org.springframework.security.web.authentication.AnonymousAuthenticationFilter@6a7eef27, org.springframework.security.web.session.SessionManagementFilter@219a9b16, org.springframework.security.web.access.ExceptionTranslationFilter@589c648, org.springframework.security.web.access.intercept.FilterSecurityInterceptor@2258ca14]
2022-11-14 17:08:55.382  INFO 28588 --- [    Test worker] o.s.b.t.m.w.SpringBootMockServletContext : Initializing Spring TestDispatcherServlet ''
2022-11-14 17:08:55.382  INFO 28588 --- [    Test worker] o.s.t.web.servlet.TestDispatcherServlet  : Initializing Servlet ''
2022-11-14 17:08:55.383  INFO 28588 --- [    Test worker] o.s.t.web.servlet.TestDispatcherServlet  : Completed initialization in 1 ms
2022-11-14 17:08:55.402  INFO 28588 --- [    Test worker] c.e.s.faircorp.api.WindowControllerTest  : Started WindowControllerTest in 0.757 seconds (JVM running for 9.942)
]]></system-out>
  <system-err><![CDATA[]]></system-err>
</testsuite>
