<?xml version="1.0" encoding="UTF-8"?>
<testsuite name="com.emse.spring.faircorp.FaircorpIntegrationTests" tests="3" skipped="0" failures="0" errors="0" timestamp="2022-12-24T13:26:31" hostname="PC-THIBAULT-BOR" time="2.273">
  <properties/>
  <testcase name="ensureThatUserAPICallReturnStatusCode200()" classname="com.emse.spring.faircorp.FaircorpIntegrationTests" time="0.729"/>
  <testcase name="Ensure that the JSON for the user vogella contains a reference to the Twitter user" classname="com.emse.spring.faircorp.FaircorpIntegrationTests" time="0.809"/>
  <testcase name="Ensures that the content type starts with application/json" classname="com.emse.spring.faircorp.FaircorpIntegrationTests" time="0.733"/>
  <system-out><![CDATA[14:26:24.039 [Test worker] DEBUG org.springframework.test.context.BootstrapUtils - Instantiating CacheAwareContextLoaderDelegate from class [org.springframework.test.context.cache.DefaultCacheAwareContextLoaderDelegate]
14:26:24.052 [Test worker] DEBUG org.springframework.test.context.BootstrapUtils - Instantiating BootstrapContext using constructor [public org.springframework.test.context.support.DefaultBootstrapContext(java.lang.Class,org.springframework.test.context.CacheAwareContextLoaderDelegate)]
14:26:24.089 [Test worker] DEBUG org.springframework.test.context.BootstrapUtils - Instantiating TestContextBootstrapper for test class [com.emse.spring.faircorp.FaircorpIntegrationTests] from class [org.springframework.boot.test.context.SpringBootTestContextBootstrapper]
14:26:24.100 [Test worker] INFO org.springframework.boot.test.context.SpringBootTestContextBootstrapper - Neither @ContextConfiguration nor @ContextHierarchy found for test class [com.emse.spring.faircorp.FaircorpIntegrationTests], using SpringBootContextLoader
14:26:24.104 [Test worker] DEBUG org.springframework.test.context.support.AbstractContextLoader - Did not detect default resource location for test class [com.emse.spring.faircorp.FaircorpIntegrationTests]: class path resource [com/emse/spring/faircorp/FaircorpIntegrationTests-context.xml] does not exist
14:26:24.104 [Test worker] DEBUG org.springframework.test.context.support.AbstractContextLoader - Did not detect default resource location for test class [com.emse.spring.faircorp.FaircorpIntegrationTests]: class path resource [com/emse/spring/faircorp/FaircorpIntegrationTestsContext.groovy] does not exist
14:26:24.104 [Test worker] INFO org.springframework.test.context.support.AbstractContextLoader - Could not detect default resource locations for test class [com.emse.spring.faircorp.FaircorpIntegrationTests]: no resource found for suffixes {-context.xml, Context.groovy}.
14:26:24.105 [Test worker] INFO org.springframework.test.context.support.AnnotationConfigContextLoaderUtils - Could not detect default configuration classes for test class [com.emse.spring.faircorp.FaircorpIntegrationTests]: FaircorpIntegrationTests does not declare any static, non-private, non-final, nested classes annotated with @Configuration.
14:26:24.144 [Test worker] DEBUG org.springframework.test.context.support.ActiveProfilesUtils - Could not find an 'annotation declaring class' for annotation type [org.springframework.test.context.ActiveProfiles] and class [com.emse.spring.faircorp.FaircorpIntegrationTests]
14:26:24.208 [Test worker] DEBUG org.springframework.context.annotation.ClassPathScanningCandidateComponentProvider - Identified candidate component class: file [C:\Users\franc\Desktop\cours\EMSE_2A\Majeur info\faircorp\faircorp\build\classes\java\main\com\emse\spring\faircorp\FaircorpApplication.class]
14:26:24.212 [Test worker] INFO org.springframework.boot.test.context.SpringBootTestContextBootstrapper - Found @SpringBootConfiguration com.emse.spring.faircorp.FaircorpApplication for test class com.emse.spring.faircorp.FaircorpIntegrationTests
14:26:24.317 [Test worker] DEBUG org.springframework.boot.test.context.SpringBootTestContextBootstrapper - @TestExecutionListeners is not present for class [com.emse.spring.faircorp.FaircorpIntegrationTests]: using defaults.
14:26:24.318 [Test worker] INFO org.springframework.boot.test.context.SpringBootTestContextBootstrapper - Loaded default TestExecutionListener class names from location [META-INF/spring.factories]: [org.springframework.security.test.context.support.WithSecurityContextTestExecutionListener, org.springframework.security.test.context.support.ReactorContextTestExecutionListener, org.springframework.boot.test.autoconfigure.restdocs.RestDocsTestExecutionListener, org.springframework.boot.test.autoconfigure.web.client.MockRestServiceServerResetTestExecutionListener, org.springframework.boot.test.autoconfigure.web.servlet.MockMvcPrintOnlyOnFailureTestExecutionListener, org.springframework.boot.test.autoconfigure.web.servlet.WebDriverTestExecutionListener, org.springframework.boot.test.autoconfigure.webservices.client.MockWebServiceServerTestExecutionListener, org.springframework.boot.test.mock.mockito.MockitoTestExecutionListener, org.springframework.boot.test.mock.mockito.ResetMocksTestExecutionListener, org.springframework.test.context.web.ServletTestExecutionListener, org.springframework.test.context.support.DirtiesContextBeforeModesTestExecutionListener, org.springframework.test.context.event.ApplicationEventsTestExecutionListener, org.springframework.test.context.support.DependencyInjectionTestExecutionListener, org.springframework.test.context.support.DirtiesContextTestExecutionListener, org.springframework.test.context.transaction.TransactionalTestExecutionListener, org.springframework.test.context.jdbc.SqlScriptsTestExecutionListener, org.springframework.test.context.event.EventPublishingTestExecutionListener]
14:26:24.338 [Test worker] INFO org.springframework.boot.test.context.SpringBootTestContextBootstrapper - Using TestExecutionListeners: [org.springframework.test.context.web.ServletTestExecutionListener@46e8a539, org.springframework.test.context.support.DirtiesContextBeforeModesTestExecutionListener@495083a0, org.springframework.test.context.event.ApplicationEventsTestExecutionListener@5fd62371, org.springframework.boot.test.mock.mockito.MockitoTestExecutionListener@28a0fd6c, org.springframework.boot.test.autoconfigure.SpringBootDependencyInjectionTestExecutionListener@2b62442c, org.springframework.test.context.support.DirtiesContextTestExecutionListener@66629f63, org.springframework.test.context.transaction.TransactionalTestExecutionListener@841e575, org.springframework.test.context.jdbc.SqlScriptsTestExecutionListener@27a5328c, org.springframework.security.test.context.support.WithSecurityContextTestExecutionListener@1e5f4170, org.springframework.test.context.event.EventPublishingTestExecutionListener@6c345c5f, org.springframework.security.test.context.support.ReactorContextTestExecutionListener@6b5966e1, org.springframework.boot.test.autoconfigure.restdocs.RestDocsTestExecutionListener@65e61854, org.springframework.boot.test.autoconfigure.web.client.MockRestServiceServerResetTestExecutionListener@1568159, org.springframework.boot.test.autoconfigure.web.servlet.MockMvcPrintOnlyOnFailureTestExecutionListener@4fcee388, org.springframework.boot.test.autoconfigure.web.servlet.WebDriverTestExecutionListener@6f80fafe, org.springframework.boot.test.autoconfigure.webservices.client.MockWebServiceServerTestExecutionListener@3af17be2, org.springframework.boot.test.mock.mockito.ResetMocksTestExecutionListener@f9879ac]
14:26:24.343 [Test worker] DEBUG org.springframework.test.context.support.AbstractDirtiesContextTestExecutionListener - Before test class: context [DefaultTestContext@62dae245 testClass = FaircorpIntegrationTests, testInstance = [null], testMethod = [null], testException = [null], mergedContextConfiguration = [WebMergedContextConfiguration@4b6579e8 testClass = FaircorpIntegrationTests, locations = '{}', classes = '{class com.emse.spring.faircorp.FaircorpApplication}', contextInitializerClasses = '[]', activeProfiles = '{}', propertySourceLocations = '{}', propertySourceProperties = '{org.springframework.boot.test.context.SpringBootTestContextBootstrapper=true}', contextCustomizers = set[org.springframework.boot.test.autoconfigure.actuate.metrics.MetricsExportContextCustomizerFactory$DisableMetricExportContextCustomizer@22d7b4f8, org.springframework.boot.test.autoconfigure.properties.PropertyMappingContextCustomizer@0, org.springframework.boot.test.autoconfigure.web.servlet.WebDriverContextCustomizerFactory$Customizer@17aad511, org.springframework.boot.test.context.filter.ExcludeFilterContextCustomizer@4612b856, org.springframework.boot.test.json.DuplicateJsonObjectContextCustomizerFactory$DuplicateJsonObjectContextCustomizer@32f232a5, org.springframework.boot.test.mock.mockito.MockitoContextCustomizer@0, org.springframework.boot.test.web.client.TestRestTemplateContextCustomizer@74eb909f, org.springframework.boot.test.context.SpringBootTestArgs@1, org.springframework.boot.test.context.SpringBootTestWebEnvironment@48f278eb], resourceBasePath = 'src/main/webapp', contextLoader = 'org.springframework.boot.test.context.SpringBootContextLoader', parent = [null]], attributes = map['org.springframework.test.context.web.ServletTestExecutionListener.activateListener' -> true]], class annotated with @DirtiesContext [false] with mode [null].

  .   ____          _            __ _ _
 /\\ / ___'_ __ _ _(_)_ __  __ _ \ \ \ \
( ( )\___ | '_ | '_| | '_ \/ _` | \ \ \ \
 \\/  ___)| |_)| | | | | || (_| |  ) ) ) )
  '  |____| .__|_| |_|_| |_\__, | / / / /
 =========|_|==============|___/=/_/_/_/
 :: Spring Boot ::                (v2.7.3)

2022-12-24 14:26:24.656  INFO 53500 --- [    Test worker] c.e.s.faircorp.FaircorpIntegrationTests  : Starting FaircorpIntegrationTests using Java 17.0.2 on PC-Thibault-BORDE with PID 53500 (started by Thibault in C:\Users\franc\Desktop\cours\EMSE_2A\Majeur info\faircorp\faircorp)
2022-12-24 14:26:24.658  INFO 53500 --- [    Test worker] c.e.s.faircorp.FaircorpIntegrationTests  : No active profile set, falling back to 1 default profile: "default"
2022-12-24 14:26:25.623  INFO 53500 --- [    Test worker] .s.d.r.c.RepositoryConfigurationDelegate : Bootstrapping Spring Data JPA repositories in DEFAULT mode.
2022-12-24 14:26:25.701  INFO 53500 --- [    Test worker] .s.d.r.c.RepositoryConfigurationDelegate : Finished Spring Data repository scanning in 68 ms. Found 3 JPA repository interfaces.
2022-12-24 14:26:26.402  INFO 53500 --- [    Test worker] com.zaxxer.hikari.HikariDataSource       : HikariPool-1 - Starting...
2022-12-24 14:26:26.599  INFO 53500 --- [    Test worker] com.zaxxer.hikari.HikariDataSource       : HikariPool-1 - Start completed.
2022-12-24 14:26:26.670  INFO 53500 --- [    Test worker] o.hibernate.jpa.internal.util.LogHelper  : HHH000204: Processing PersistenceUnitInfo [name: default]
2022-12-24 14:26:26.752  INFO 53500 --- [    Test worker] org.hibernate.Version                    : HHH000412: Hibernate ORM core version 5.6.10.Final
2022-12-24 14:26:26.958  INFO 53500 --- [    Test worker] o.hibernate.annotations.common.Version   : HCANN000001: Hibernate Commons Annotations {5.1.2.Final}
2022-12-24 14:26:27.092  INFO 53500 --- [    Test worker] org.hibernate.dialect.Dialect            : HHH000400: Using dialect: org.hibernate.dialect.H2Dialect
Hibernate: drop table if exists heater CASCADE 
Hibernate: drop table if exists room CASCADE 
Hibernate: drop table if exists rwindow CASCADE 
Hibernate: drop sequence if exists hibernate_sequence
Hibernate: create sequence hibernate_sequence start with 1 increment by 1
Hibernate: create table heater (id bigint not null, heater_status varchar(255), name varchar(255) not null, power bigint, room_id bigint, primary key (id))
Hibernate: create table room (id bigint not null, current_temperature double, floor integer not null, name varchar(255) not null, target_temperature double, primary key (id))
Hibernate: create table rwindow (id bigint not null, name varchar(255) not null, window_status varchar(255), room_id bigint, primary key (id))
Hibernate: alter table heater add constraint FKba10hbsubifukw0monybjx3a0 foreign key (room_id) references room
Hibernate: alter table rwindow add constraint FK621arbu4dtuis4nf2o3xtapfn foreign key (room_id) references room
2022-12-24 14:26:27.822  INFO 53500 --- [    Test worker] o.h.e.t.j.p.i.JtaPlatformInitiator       : HHH000490: Using JtaPlatform implementation: [org.hibernate.engine.transaction.jta.platform.internal.NoJtaPlatform]
2022-12-24 14:26:27.830  INFO 53500 --- [    Test worker] j.LocalContainerEntityManagerFactoryBean : Initialized JPA EntityManagerFactory for persistence unit 'default'
2022-12-24 14:26:28.752  WARN 53500 --- [    Test worker] JpaBaseConfiguration$JpaWebConfiguration : spring.jpa.open-in-view is enabled by default. Therefore, database queries may be performed during view rendering. Explicitly configure spring.jpa.open-in-view to disable this warning
2022-12-24 14:26:28.886  INFO 53500 --- [    Test worker] o.s.b.a.h2.H2ConsoleAutoConfiguration    : H2 console available at '/console'. Database available at 'jdbc:h2:mem:faircorp'
2022-12-24 14:26:29.884  INFO 53500 --- [    Test worker] o.s.s.web.DefaultSecurityFilterChain     : Will secure Ant [pattern='/api/**'] with [org.springframework.security.web.session.DisableEncodeUrlFilter@6f0df74, org.springframework.security.web.context.request.async.WebAsyncManagerIntegrationFilter@42bbd21c, org.springframework.security.web.context.SecurityContextPersistenceFilter@56728f48, org.springframework.security.web.header.HeaderWriterFilter@65067d37, org.springframework.security.web.csrf.CsrfFilter@7a79a5d6, org.springframework.security.web.authentication.logout.LogoutFilter@4f1ea463, org.springframework.security.web.authentication.UsernamePasswordAuthenticationFilter@6bca6c4c, org.springframework.security.web.authentication.ui.DefaultLoginPageGeneratingFilter@6e140753, org.springframework.security.web.authentication.ui.DefaultLogoutPageGeneratingFilter@57f1fbae, org.springframework.security.web.authentication.www.BasicAuthenticationFilter@159a32a4, org.springframework.security.web.savedrequest.RequestCacheAwareFilter@45e49d3d, org.springframework.security.web.servletapi.SecurityContextHolderAwareRequestFilter@72e5206, org.springframework.security.web.authentication.AnonymousAuthenticationFilter@28901fe7, org.springframework.security.web.session.SessionManagementFilter@34947355, org.springframework.security.web.access.ExceptionTranslationFilter@e9947af, org.springframework.security.web.access.intercept.FilterSecurityInterceptor@4b8ba6b7]
2022-12-24 14:26:29.890  INFO 53500 --- [    Test worker] o.s.s.web.DefaultSecurityFilterChain     : Will secure any request with [org.springframework.security.web.session.DisableEncodeUrlFilter@158b8d10, org.springframework.security.web.context.request.async.WebAsyncManagerIntegrationFilter@e594c46, org.springframework.security.web.context.SecurityContextPersistenceFilter@5dfc7b3f, org.springframework.security.web.header.HeaderWriterFilter@7ef34eb3, org.springframework.security.web.csrf.CsrfFilter@4d86f330, org.springframework.security.web.authentication.logout.LogoutFilter@154cbb46, org.springframework.security.web.authentication.UsernamePasswordAuthenticationFilter@5578ed7e, org.springframework.security.web.authentication.ui.DefaultLoginPageGeneratingFilter@106c3e0a, org.springframework.security.web.authentication.ui.DefaultLogoutPageGeneratingFilter@1cd853ee, org.springframework.security.web.authentication.www.BasicAuthenticationFilter@5dd5422f, org.springframework.security.web.savedrequest.RequestCacheAwareFilter@1b641c97, org.springframework.security.web.servletapi.SecurityContextHolderAwareRequestFilter@7f065f9e, org.springframework.security.web.authentication.AnonymousAuthenticationFilter@6b6bae60, org.springframework.security.web.session.SessionManagementFilter@2719139f, org.springframework.security.web.access.ExceptionTranslationFilter@1e8b0ab5, org.springframework.security.web.access.intercept.FilterSecurityInterceptor@4c5ae26d]
2022-12-24 14:26:30.221  INFO 53500 --- [    Test worker] o.s.b.a.w.s.WelcomePageHandlerMapping    : Adding welcome page: class path resource [static/index.html]
2022-12-24 14:26:31.018  INFO 53500 --- [    Test worker] c.e.s.faircorp.FaircorpIntegrationTests  : Started FaircorpIntegrationTests in 6.634 seconds (JVM running for 7.822)
Hello, Spring!
{"type":"FeatureCollection","version":"draft","features":[{"type":"Feature","geometry":{"type":"Point","coordinates":[4.403131,45.426461]},"properties":{"label":"Cours Fauriel 42100 Saint-Étienne","score":0.8904618181818181,"id":"42218_3390","name":"Cours Fauriel","postcode":"42100","citycode":"42218","x":809718.46,"y":6481756.28,"city":"Saint-Étienne","context":"42, Loire, Auvergne-Rhône-Alpes","type":"street","importance":0.79508}}],"attribution":"BAN","licence":"ETALAB-2.0","query":"cours fauriel","limit":15}
]]></system-out>
  <system-err><![CDATA[]]></system-err>
</testsuite>
