<?xml version="1.0" encoding="UTF-8"?>
<testsuite name="com.emse.spring.faircorp.api.AdressSearchServiceTest" tests="1" skipped="0" failures="0" errors="0" timestamp="2022-11-14T16:08:54" hostname="PC-THIBAULT-BOR" time="0.423">
  <properties/>
  <testcase name="shouldFindAdresses()" classname="com.emse.spring.faircorp.api.AdressSearchServiceTest" time="0.423"/>
  <system-out><![CDATA[2022-11-14 17:08:53.961  INFO 28588 --- [    Test worker] .a.w.c.RestClientTestContextBootstrapper : Neither @ContextConfiguration nor @ContextHierarchy found for test class [com.emse.spring.faircorp.api.AdressSearchServiceTest], using SpringBootContextLoader
2022-11-14 17:08:53.962  INFO 28588 --- [    Test worker] o.s.t.c.support.AbstractContextLoader    : Could not detect default resource locations for test class [com.emse.spring.faircorp.api.AdressSearchServiceTest]: no resource found for suffixes {-context.xml, Context.groovy}.
2022-11-14 17:08:53.962  INFO 28588 --- [    Test worker] t.c.s.AnnotationConfigContextLoaderUtils : Could not detect default configuration classes for test class [com.emse.spring.faircorp.api.AdressSearchServiceTest]: AdressSearchServiceTest does not declare any static, non-private, non-final, nested classes annotated with @Configuration.
2022-11-14 17:08:53.979  INFO 28588 --- [    Test worker] .b.t.c.SpringBootTestContextBootstrapper : Found @SpringBootConfiguration com.emse.spring.faircorp.FaircorpApplication for test class com.emse.spring.faircorp.api.AdressSearchServiceTest
2022-11-14 17:08:53.980  INFO 28588 --- [    Test worker] .a.w.c.RestClientTestContextBootstrapper : Loaded default TestExecutionListener class names from location [META-INF/spring.factories]: [org.springframework.security.test.context.support.WithSecurityContextTestExecutionListener, org.springframework.security.test.context.support.ReactorContextTestExecutionListener, org.springframework.boot.test.autoconfigure.restdocs.RestDocsTestExecutionListener, org.springframework.boot.test.autoconfigure.web.client.MockRestServiceServerResetTestExecutionListener, org.springframework.boot.test.autoconfigure.web.servlet.MockMvcPrintOnlyOnFailureTestExecutionListener, org.springframework.boot.test.autoconfigure.web.servlet.WebDriverTestExecutionListener, org.springframework.boot.test.autoconfigure.webservices.client.MockWebServiceServerTestExecutionListener, org.springframework.boot.test.mock.mockito.MockitoTestExecutionListener, org.springframework.boot.test.mock.mockito.ResetMocksTestExecutionListener, org.springframework.test.context.web.ServletTestExecutionListener, org.springframework.test.context.support.DirtiesContextBeforeModesTestExecutionListener, org.springframework.test.context.event.ApplicationEventsTestExecutionListener, org.springframework.test.context.support.DependencyInjectionTestExecutionListener, org.springframework.test.context.support.DirtiesContextTestExecutionListener, org.springframework.test.context.transaction.TransactionalTestExecutionListener, org.springframework.test.context.jdbc.SqlScriptsTestExecutionListener, org.springframework.test.context.event.EventPublishingTestExecutionListener]
2022-11-14 17:08:53.981  INFO 28588 --- [    Test worker] .a.w.c.RestClientTestContextBootstrapper : Using TestExecutionListeners: [org.springframework.test.context.web.ServletTestExecutionListener@11c82829, org.springframework.test.context.support.DirtiesContextBeforeModesTestExecutionListener@34c21c34, org.springframework.test.context.event.ApplicationEventsTestExecutionListener@353ac1ef, org.springframework.boot.test.mock.mockito.MockitoTestExecutionListener@72c8de78, org.springframework.boot.test.autoconfigure.SpringBootDependencyInjectionTestExecutionListener@22912968, org.springframework.test.context.support.DirtiesContextTestExecutionListener@616b2b2, org.springframework.test.context.transaction.TransactionalTestExecutionListener@65402e26, org.springframework.test.context.jdbc.SqlScriptsTestExecutionListener@51cf17e8, org.springframework.security.test.context.support.WithSecurityContextTestExecutionListener@7abeaed0, org.springframework.test.context.event.EventPublishingTestExecutionListener@490e1017, org.springframework.security.test.context.support.ReactorContextTestExecutionListener@2ddb260e, org.springframework.boot.test.autoconfigure.restdocs.RestDocsTestExecutionListener@482040a, org.springframework.boot.test.autoconfigure.web.client.MockRestServiceServerResetTestExecutionListener@b45e264, org.springframework.boot.test.autoconfigure.web.servlet.MockMvcPrintOnlyOnFailureTestExecutionListener@3272c5b3, org.springframework.boot.test.autoconfigure.web.servlet.WebDriverTestExecutionListener@466d6ea5, org.springframework.boot.test.autoconfigure.webservices.client.MockWebServiceServerTestExecutionListener@52db9036, org.springframework.boot.test.mock.mockito.ResetMocksTestExecutionListener@76a90ecb]

  .   ____          _            __ _ _
 /\\ / ___'_ __ _ _(_)_ __  __ _ \ \ \ \
( ( )\___ | '_ | '_| | '_ \/ _` | \ \ \ \
 \\/  ___)| |_)| | | | | || (_| |  ) ) ) )
  '  |____| .__|_| |_|_| |_\__, | / / / /
 =========|_|==============|___/=/_/_/_/
 :: Spring Boot ::                (v2.7.3)

2022-11-14 17:08:54.008  INFO 28588 --- [    Test worker] c.e.s.f.api.AdressSearchServiceTest      : Starting AdressSearchServiceTest using Java 17.0.2 on PC-Thibault-BORDE with PID 28588 (started by Thibault in C:\Users\franc\Desktop\cours\EMSE_2A\Majeur info\faircorp\faircorp)
2022-11-14 17:08:54.009  INFO 28588 --- [    Test worker] c.e.s.f.api.AdressSearchServiceTest      : No active profile set, falling back to 1 default profile: "default"
2022-11-14 17:08:54.201  INFO 28588 --- [    Test worker] c.e.s.f.api.AdressSearchServiceTest      : Started AdressSearchServiceTest in 0.217 seconds (JVM running for 8.741)
https://api-adresse.data.gouv.fr/search?q=cours+fauriel&limit=15
]]></system-out>
  <system-err><![CDATA[]]></system-err>
</testsuite>
