<?xml version="1.0" encoding="UTF-8"?>
<testsuite name="com.emse.spring.faircorp.dao.RoomDaoTest" tests="1" skipped="0" failures="0" errors="0" timestamp="2022-11-14T16:08:56" hostname="PC-THIBAULT-BOR" time="0.014">
  <properties/>
  <testcase name="shouldFindAllWindowFromRoom()" classname="com.emse.spring.faircorp.dao.RoomDaoTest" time="0.014"/>
  <system-out><![CDATA[2022-11-14 17:08:56.563  INFO 28588 --- [    Test worker] b.t.a.o.j.DataJpaTestContextBootstrapper : Neither @ContextConfiguration nor @ContextHierarchy found for test class [com.emse.spring.faircorp.dao.RoomDaoTest], using SpringBootContextLoader
2022-11-14 17:08:56.563  INFO 28588 --- [    Test worker] o.s.t.c.support.AbstractContextLoader    : Could not detect default resource locations for test class [com.emse.spring.faircorp.dao.RoomDaoTest]: no resource found for suffixes {-context.xml, Context.groovy}.
2022-11-14 17:08:56.564  INFO 28588 --- [    Test worker] t.c.s.AnnotationConfigContextLoaderUtils : Could not detect default configuration classes for test class [com.emse.spring.faircorp.dao.RoomDaoTest]: RoomDaoTest does not declare any static, non-private, non-final, nested classes annotated with @Configuration.
2022-11-14 17:08:56.567  INFO 28588 --- [    Test worker] .b.t.c.SpringBootTestContextBootstrapper : Found @SpringBootConfiguration com.emse.spring.faircorp.FaircorpApplication for test class com.emse.spring.faircorp.dao.RoomDaoTest
2022-11-14 17:08:56.567  INFO 28588 --- [    Test worker] b.t.a.o.j.DataJpaTestContextBootstrapper : Loaded default TestExecutionListener class names from location [META-INF/spring.factories]: [org.springframework.security.test.context.support.WithSecurityContextTestExecutionListener, org.springframework.security.test.context.support.ReactorContextTestExecutionListener, org.springframework.boot.test.autoconfigure.restdocs.RestDocsTestExecutionListener, org.springframework.boot.test.autoconfigure.web.client.MockRestServiceServerResetTestExecutionListener, org.springframework.boot.test.autoconfigure.web.servlet.MockMvcPrintOnlyOnFailureTestExecutionListener, org.springframework.boot.test.autoconfigure.web.servlet.WebDriverTestExecutionListener, org.springframework.boot.test.autoconfigure.webservices.client.MockWebServiceServerTestExecutionListener, org.springframework.boot.test.mock.mockito.MockitoTestExecutionListener, org.springframework.boot.test.mock.mockito.ResetMocksTestExecutionListener, org.springframework.test.context.web.ServletTestExecutionListener, org.springframework.test.context.support.DirtiesContextBeforeModesTestExecutionListener, org.springframework.test.context.event.ApplicationEventsTestExecutionListener, org.springframework.test.context.support.DependencyInjectionTestExecutionListener, org.springframework.test.context.support.DirtiesContextTestExecutionListener, org.springframework.test.context.transaction.TransactionalTestExecutionListener, org.springframework.test.context.jdbc.SqlScriptsTestExecutionListener, org.springframework.test.context.event.EventPublishingTestExecutionListener]
2022-11-14 17:08:56.568  INFO 28588 --- [    Test worker] b.t.a.o.j.DataJpaTestContextBootstrapper : Using TestExecutionListeners: [org.springframework.test.context.web.ServletTestExecutionListener@23595dd9, org.springframework.test.context.support.DirtiesContextBeforeModesTestExecutionListener@28f307ca, org.springframework.test.context.event.ApplicationEventsTestExecutionListener@5a0d25ba, org.springframework.boot.test.mock.mockito.MockitoTestExecutionListener@72e89ce2, org.springframework.boot.test.autoconfigure.SpringBootDependencyInjectionTestExecutionListener@1bb6b0f3, org.springframework.test.context.support.DirtiesContextTestExecutionListener@2b4b3918, org.springframework.test.context.transaction.TransactionalTestExecutionListener@1858f93e, org.springframework.test.context.jdbc.SqlScriptsTestExecutionListener@2e61695b, org.springframework.security.test.context.support.WithSecurityContextTestExecutionListener@7e654c, org.springframework.test.context.event.EventPublishingTestExecutionListener@720f0fa2, org.springframework.security.test.context.support.ReactorContextTestExecutionListener@2dc199d4, org.springframework.boot.test.autoconfigure.restdocs.RestDocsTestExecutionListener@84f0686, org.springframework.boot.test.autoconfigure.web.client.MockRestServiceServerResetTestExecutionListener@7b6846c6, org.springframework.boot.test.autoconfigure.web.servlet.MockMvcPrintOnlyOnFailureTestExecutionListener@71103416, org.springframework.boot.test.autoconfigure.web.servlet.WebDriverTestExecutionListener@503e1cd9, org.springframework.boot.test.autoconfigure.webservices.client.MockWebServiceServerTestExecutionListener@20b54b6e, org.springframework.boot.test.mock.mockito.ResetMocksTestExecutionListener@195267c8]
2022-11-14 17:08:56.571  INFO 28588 --- [    Test worker] o.s.t.c.transaction.TransactionContext   : Began transaction (1) for test context [DefaultTestContext@32828624 testClass = RoomDaoTest, testInstance = com.emse.spring.faircorp.dao.RoomDaoTest@29f94912, testMethod = shouldFindAllWindowFromRoom@RoomDaoTest, testException = [null], mergedContextConfiguration = [MergedContextConfiguration@1e299e3f testClass = RoomDaoTest, locations = '{}', classes = '{class com.emse.spring.faircorp.FaircorpApplication}', contextInitializerClasses = '[]', activeProfiles = '{}', propertySourceLocations = '{}', propertySourceProperties = '{org.springframework.boot.test.autoconfigure.orm.jpa.DataJpaTestContextBootstrapper=true}', contextCustomizers = set[org.springframework.boot.test.autoconfigure.OverrideAutoConfigurationContextCustomizerFactory$DisableAutoConfigurationContextCustomizer@18be7f57, org.springframework.boot.test.autoconfigure.actuate.metrics.MetricsExportContextCustomizerFactory$DisableMetricExportContextCustomizer@51972dc7, org.springframework.boot.test.autoconfigure.filter.TypeExcludeFiltersContextCustomizer@351584c0, org.springframework.boot.test.autoconfigure.properties.PropertyMappingContextCustomizer@70ad25f4, org.springframework.boot.test.autoconfigure.web.servlet.WebDriverContextCustomizerFactory$Customizer@6622fc65, [ImportsContextCustomizer@11bb0655 key = [org.springframework.boot.autoconfigure.cache.CacheAutoConfiguration, org.springframework.boot.autoconfigure.data.jpa.JpaRepositoriesAutoConfiguration, org.springframework.boot.autoconfigure.flyway.FlywayAutoConfiguration, org.springframework.boot.autoconfigure.jdbc.DataSourceAutoConfiguration, org.springframework.boot.autoconfigure.jdbc.DataSourceTransactionManagerAutoConfiguration, org.springframework.boot.autoconfigure.jdbc.JdbcTemplateAutoConfiguration, org.springframework.boot.autoconfigure.liquibase.LiquibaseAutoConfiguration, org.springframework.boot.autoconfigure.orm.jpa.HibernateJpaAutoConfiguration, org.springframework.boot.autoconfigure.sql.init.SqlInitializationAutoConfiguration, org.springframework.boot.autoconfigure.transaction.TransactionAutoConfiguration, org.springframework.boot.test.autoconfigure.jdbc.TestDatabaseAutoConfiguration, org.springframework.boot.test.autoconfigure.orm.jpa.TestEntityManagerAutoConfiguration]], org.springframework.boot.test.context.filter.ExcludeFilterContextCustomizer@64ba3208, org.springframework.boot.test.json.DuplicateJsonObjectContextCustomizerFactory$DuplicateJsonObjectContextCustomizer@2f17e30d, org.springframework.boot.test.mock.mockito.MockitoContextCustomizer@0, org.springframework.boot.test.context.SpringBootTestArgs@1, org.springframework.boot.test.context.SpringBootTestWebEnvironment@0], contextLoader = 'org.springframework.boot.test.context.SpringBootContextLoader', parent = [null]], attributes = map['org.springframework.test.context.event.ApplicationEventsTestExecutionListener.recordApplicationEvents' -> false]]; transaction manager [org.springframework.orm.jpa.JpaTransactionManager@36f291c7]; rollback [true]
Hibernate: select window0_.id as id1_2_, window0_.name as name2_2_, window0_.room_id as room_id4_2_, window0_.window_status as window_s3_2_ from rwindow window0_ left outer join room room1_ on (room1_.id=window0_.room_id) where room1_.name=?
2022-11-14 17:08:56.583  INFO 28588 --- [    Test worker] o.s.t.c.transaction.TransactionContext   : Rolled back transaction for test: [DefaultTestContext@32828624 testClass = RoomDaoTest, testInstance = com.emse.spring.faircorp.dao.RoomDaoTest@29f94912, testMethod = shouldFindAllWindowFromRoom@RoomDaoTest, testException = [null], mergedContextConfiguration = [MergedContextConfiguration@1e299e3f testClass = RoomDaoTest, locations = '{}', classes = '{class com.emse.spring.faircorp.FaircorpApplication}', contextInitializerClasses = '[]', activeProfiles = '{}', propertySourceLocations = '{}', propertySourceProperties = '{org.springframework.boot.test.autoconfigure.orm.jpa.DataJpaTestContextBootstrapper=true}', contextCustomizers = set[org.springframework.boot.test.autoconfigure.OverrideAutoConfigurationContextCustomizerFactory$DisableAutoConfigurationContextCustomizer@18be7f57, org.springframework.boot.test.autoconfigure.actuate.metrics.MetricsExportContextCustomizerFactory$DisableMetricExportContextCustomizer@51972dc7, org.springframework.boot.test.autoconfigure.filter.TypeExcludeFiltersContextCustomizer@351584c0, org.springframework.boot.test.autoconfigure.properties.PropertyMappingContextCustomizer@70ad25f4, org.springframework.boot.test.autoconfigure.web.servlet.WebDriverContextCustomizerFactory$Customizer@6622fc65, [ImportsContextCustomizer@11bb0655 key = [org.springframework.boot.autoconfigure.cache.CacheAutoConfiguration, org.springframework.boot.autoconfigure.data.jpa.JpaRepositoriesAutoConfiguration, org.springframework.boot.autoconfigure.flyway.FlywayAutoConfiguration, org.springframework.boot.autoconfigure.jdbc.DataSourceAutoConfiguration, org.springframework.boot.autoconfigure.jdbc.DataSourceTransactionManagerAutoConfiguration, org.springframework.boot.autoconfigure.jdbc.JdbcTemplateAutoConfiguration, org.springframework.boot.autoconfigure.liquibase.LiquibaseAutoConfiguration, org.springframework.boot.autoconfigure.orm.jpa.HibernateJpaAutoConfiguration, org.springframework.boot.autoconfigure.sql.init.SqlInitializationAutoConfiguration, org.springframework.boot.autoconfigure.transaction.TransactionAutoConfiguration, org.springframework.boot.test.autoconfigure.jdbc.TestDatabaseAutoConfiguration, org.springframework.boot.test.autoconfigure.orm.jpa.TestEntityManagerAutoConfiguration]], org.springframework.boot.test.context.filter.ExcludeFilterContextCustomizer@64ba3208, org.springframework.boot.test.json.DuplicateJsonObjectContextCustomizerFactory$DuplicateJsonObjectContextCustomizer@2f17e30d, org.springframework.boot.test.mock.mockito.MockitoContextCustomizer@0, org.springframework.boot.test.context.SpringBootTestArgs@1, org.springframework.boot.test.context.SpringBootTestWebEnvironment@0], contextLoader = 'org.springframework.boot.test.context.SpringBootContextLoader', parent = [null]], attributes = map['org.springframework.test.context.event.ApplicationEventsTestExecutionListener.recordApplicationEvents' -> false]]
]]></system-out>
  <system-err><![CDATA[]]></system-err>
</testsuite>
