<?xml version="1.0" encoding="UTF-8"?>
<testsuite name="com.emse.spring.faircorp.dao.HeaterDaoTest" tests="1" skipped="0" failures="0" errors="0" timestamp="2022-11-14T16:08:56" hostname="PC-THIBAULT-BOR" time="0.265">
  <properties/>
  <testcase name="shouldDeleteWindowsRoom()" classname="com.emse.spring.faircorp.dao.HeaterDaoTest" time="0.265"/>
  <system-out><![CDATA[2022-11-14 17:08:55.619  INFO 28588 --- [    Test worker] b.t.a.o.j.DataJpaTestContextBootstrapper : Neither @ContextConfiguration nor @ContextHierarchy found for test class [com.emse.spring.faircorp.dao.HeaterDaoTest], using SpringBootContextLoader
2022-11-14 17:08:55.620  INFO 28588 --- [    Test worker] o.s.t.c.support.AbstractContextLoader    : Could not detect default resource locations for test class [com.emse.spring.faircorp.dao.HeaterDaoTest]: no resource found for suffixes {-context.xml, Context.groovy}.
2022-11-14 17:08:55.620  INFO 28588 --- [    Test worker] t.c.s.AnnotationConfigContextLoaderUtils : Could not detect default configuration classes for test class [com.emse.spring.faircorp.dao.HeaterDaoTest]: HeaterDaoTest does not declare any static, non-private, non-final, nested classes annotated with @Configuration.
2022-11-14 17:08:55.630  INFO 28588 --- [    Test worker] .b.t.c.SpringBootTestContextBootstrapper : Found @SpringBootConfiguration com.emse.spring.faircorp.FaircorpApplication for test class com.emse.spring.faircorp.dao.HeaterDaoTest
2022-11-14 17:08:55.630  INFO 28588 --- [    Test worker] b.t.a.o.j.DataJpaTestContextBootstrapper : Loaded default TestExecutionListener class names from location [META-INF/spring.factories]: [org.springframework.security.test.context.support.WithSecurityContextTestExecutionListener, org.springframework.security.test.context.support.ReactorContextTestExecutionListener, org.springframework.boot.test.autoconfigure.restdocs.RestDocsTestExecutionListener, org.springframework.boot.test.autoconfigure.web.client.MockRestServiceServerResetTestExecutionListener, org.springframework.boot.test.autoconfigure.web.servlet.MockMvcPrintOnlyOnFailureTestExecutionListener, org.springframework.boot.test.autoconfigure.web.servlet.WebDriverTestExecutionListener, org.springframework.boot.test.autoconfigure.webservices.client.MockWebServiceServerTestExecutionListener, org.springframework.boot.test.mock.mockito.MockitoTestExecutionListener, org.springframework.boot.test.mock.mockito.ResetMocksTestExecutionListener, org.springframework.test.context.web.ServletTestExecutionListener, org.springframework.test.context.support.DirtiesContextBeforeModesTestExecutionListener, org.springframework.test.context.event.ApplicationEventsTestExecutionListener, org.springframework.test.context.support.DependencyInjectionTestExecutionListener, org.springframework.test.context.support.DirtiesContextTestExecutionListener, org.springframework.test.context.transaction.TransactionalTestExecutionListener, org.springframework.test.context.jdbc.SqlScriptsTestExecutionListener, org.springframework.test.context.event.EventPublishingTestExecutionListener]
2022-11-14 17:08:55.631  INFO 28588 --- [    Test worker] b.t.a.o.j.DataJpaTestContextBootstrapper : Using TestExecutionListeners: [org.springframework.test.context.web.ServletTestExecutionListener@20bc417f, org.springframework.test.context.support.DirtiesContextBeforeModesTestExecutionListener@614da024, org.springframework.test.context.event.ApplicationEventsTestExecutionListener@4b76a0f4, org.springframework.boot.test.mock.mockito.MockitoTestExecutionListener@442612a6, org.springframework.boot.test.autoconfigure.SpringBootDependencyInjectionTestExecutionListener@65314e4, org.springframework.test.context.support.DirtiesContextTestExecutionListener@a93c88a, org.springframework.test.context.transaction.TransactionalTestExecutionListener@741cb82c, org.springframework.test.context.jdbc.SqlScriptsTestExecutionListener@db372b, org.springframework.security.test.context.support.WithSecurityContextTestExecutionListener@1e31e7e0, org.springframework.test.context.event.EventPublishingTestExecutionListener@a72bb34, org.springframework.security.test.context.support.ReactorContextTestExecutionListener@1bbebf8e, org.springframework.boot.test.autoconfigure.restdocs.RestDocsTestExecutionListener@4285b1bd, org.springframework.boot.test.autoconfigure.web.client.MockRestServiceServerResetTestExecutionListener@539a50ea, org.springframework.boot.test.autoconfigure.web.servlet.MockMvcPrintOnlyOnFailureTestExecutionListener@4caeeab6, org.springframework.boot.test.autoconfigure.web.servlet.WebDriverTestExecutionListener@22027e62, org.springframework.boot.test.autoconfigure.webservices.client.MockWebServiceServerTestExecutionListener@4d652bc6, org.springframework.boot.test.mock.mockito.ResetMocksTestExecutionListener@4cf93f80]

  .   ____          _            __ _ _
 /\\ / ___'_ __ _ _(_)_ __  __ _ \ \ \ \
( ( )\___ | '_ | '_| | '_ \/ _` | \ \ \ \
 \\/  ___)| |_)| | | | | || (_| |  ) ) ) )
  '  |____| .__|_| |_|_| |_\__, | / / / /
 =========|_|==============|___/=/_/_/_/
 :: Spring Boot ::                (v2.7.3)

2022-11-14 17:08:55.654  INFO 28588 --- [    Test worker] c.e.spring.faircorp.dao.HeaterDaoTest    : Starting HeaterDaoTest using Java 17.0.2 on PC-Thibault-BORDE with PID 28588 (started by Thibault in C:\Users\franc\Desktop\cours\EMSE_2A\Majeur info\faircorp\faircorp)
2022-11-14 17:08:55.654  INFO 28588 --- [    Test worker] c.e.spring.faircorp.dao.HeaterDaoTest    : No active profile set, falling back to 1 default profile: "default"
2022-11-14 17:08:55.757  INFO 28588 --- [    Test worker] .s.d.r.c.RepositoryConfigurationDelegate : Bootstrapping Spring Data JPA repositories in DEFAULT mode.
2022-11-14 17:08:55.787  INFO 28588 --- [    Test worker] .s.d.r.c.RepositoryConfigurationDelegate : Finished Spring Data repository scanning in 28 ms. Found 3 JPA repository interfaces.
2022-11-14 17:08:55.798  INFO 28588 --- [    Test worker] beddedDataSourceBeanFactoryPostProcessor : Replacing 'dataSource' DataSource bean with embedded version
2022-11-14 17:08:55.836  INFO 28588 --- [    Test worker] o.s.j.d.e.EmbeddedDatabaseFactory        : Starting embedded database: url='jdbc:h2:mem:10d10a1d-1b38-444b-bca0-98f32d20d3d5;DB_CLOSE_DELAY=-1;DB_CLOSE_ON_EXIT=false', username='sa'
2022-11-14 17:08:55.932  INFO 28588 --- [    Test worker] o.hibernate.jpa.internal.util.LogHelper  : HHH000204: Processing PersistenceUnitInfo [name: default]
2022-11-14 17:08:55.945  INFO 28588 --- [    Test worker] org.hibernate.dialect.Dialect            : HHH000400: Using dialect: org.hibernate.dialect.H2Dialect
Hibernate: drop table if exists heater CASCADE 
Hibernate: drop table if exists room CASCADE 
Hibernate: drop table if exists rwindow CASCADE 
Hibernate: drop sequence if exists hibernate_sequence
Hibernate: create sequence hibernate_sequence start with 1 increment by 1
Hibernate: create table heater (id bigint not null, heater_status varchar(255), name varchar(255) not null, power bigint, room_id bigint, primary key (id))
Hibernate: create table room (id bigint not null, current_temperature double, floor integer not null, name varchar(255) not null, target_temperature double, primary key (id))
Hibernate: create table rwindow (id bigint not null, name varchar(255) not null, window_status varchar(255), room_id bigint, primary key (id))
Hibernate: alter table heater add constraint FKba10hbsubifukw0monybjx3a0 foreign key (room_id) references room
Hibernate: alter table rwindow add constraint FK621arbu4dtuis4nf2o3xtapfn foreign key (room_id) references room
2022-11-14 17:08:56.027  INFO 28588 --- [    Test worker] o.h.e.t.j.p.i.JtaPlatformInitiator       : HHH000490: Using JtaPlatform implementation: [org.hibernate.engine.transaction.jta.platform.internal.NoJtaPlatform]
2022-11-14 17:08:56.027  INFO 28588 --- [    Test worker] j.LocalContainerEntityManagerFactoryBean : Initialized JPA EntityManagerFactory for persistence unit 'default'
2022-11-14 17:08:56.291  INFO 28588 --- [    Test worker] c.e.spring.faircorp.dao.HeaterDaoTest    : Started HeaterDaoTest in 0.658 seconds (JVM running for 10.831)
2022-11-14 17:08:56.305  INFO 28588 --- [    Test worker] o.s.t.c.transaction.TransactionContext   : Began transaction (1) for test context [DefaultTestContext@34dcd7a1 testClass = HeaterDaoTest, testInstance = com.emse.spring.faircorp.dao.HeaterDaoTest@5c65001c, testMethod = shouldDeleteWindowsRoom@HeaterDaoTest, testException = [null], mergedContextConfiguration = [MergedContextConfiguration@6b00587b testClass = HeaterDaoTest, locations = '{}', classes = '{class com.emse.spring.faircorp.FaircorpApplication}', contextInitializerClasses = '[]', activeProfiles = '{}', propertySourceLocations = '{}', propertySourceProperties = '{org.springframework.boot.test.autoconfigure.orm.jpa.DataJpaTestContextBootstrapper=true}', contextCustomizers = set[org.springframework.boot.test.autoconfigure.OverrideAutoConfigurationContextCustomizerFactory$DisableAutoConfigurationContextCustomizer@18be7f57, org.springframework.boot.test.autoconfigure.actuate.metrics.MetricsExportContextCustomizerFactory$DisableMetricExportContextCustomizer@51972dc7, org.springframework.boot.test.autoconfigure.filter.TypeExcludeFiltersContextCustomizer@351584c0, org.springframework.boot.test.autoconfigure.properties.PropertyMappingContextCustomizer@70ad25f4, org.springframework.boot.test.autoconfigure.web.servlet.WebDriverContextCustomizerFactory$Customizer@6622fc65, [ImportsContextCustomizer@15ddf775 key = [org.springframework.boot.autoconfigure.cache.CacheAutoConfiguration, org.springframework.boot.autoconfigure.data.jpa.JpaRepositoriesAutoConfiguration, org.springframework.boot.autoconfigure.flyway.FlywayAutoConfiguration, org.springframework.boot.autoconfigure.jdbc.DataSourceAutoConfiguration, org.springframework.boot.autoconfigure.jdbc.DataSourceTransactionManagerAutoConfiguration, org.springframework.boot.autoconfigure.jdbc.JdbcTemplateAutoConfiguration, org.springframework.boot.autoconfigure.liquibase.LiquibaseAutoConfiguration, org.springframework.boot.autoconfigure.orm.jpa.HibernateJpaAutoConfiguration, org.springframework.boot.autoconfigure.sql.init.SqlInitializationAutoConfiguration, org.springframework.boot.autoconfigure.transaction.TransactionAutoConfiguration, org.springframework.boot.test.autoconfigure.jdbc.TestDatabaseAutoConfiguration, org.springframework.boot.test.autoconfigure.orm.jpa.TestEntityManagerAutoConfiguration]], org.springframework.boot.test.context.filter.ExcludeFilterContextCustomizer@64ba3208, org.springframework.boot.test.json.DuplicateJsonObjectContextCustomizerFactory$DuplicateJsonObjectContextCustomizer@2f17e30d, org.springframework.boot.test.mock.mockito.MockitoContextCustomizer@0, org.springframework.boot.test.context.SpringBootTestArgs@1, org.springframework.boot.test.context.SpringBootTestWebEnvironment@0], contextLoader = 'org.springframework.boot.test.context.SpringBootContextLoader', parent = [null]], attributes = map['org.springframework.test.context.event.ApplicationEventsTestExecutionListener.recordApplicationEvents' -> false]]; transaction manager [org.springframework.orm.jpa.JpaTransactionManager@36f291c7]; rollback [true]
Hibernate: select room0_.id as id1_1_0_, room0_.current_temperature as current_2_1_0_, room0_.floor as floor3_1_0_, room0_.name as name4_1_0_, room0_.target_temperature as target_t5_1_0_ from room room0_ where room0_.id=?
Hibernate: select heaters0_.room_id as room_id5_0_0_, heaters0_.id as id1_0_0_, heaters0_.id as id1_0_1_, heaters0_.heater_status as heater_s2_0_1_, heaters0_.name as name3_0_1_, heaters0_.power as power4_0_1_, heaters0_.room_id as room_id5_0_1_ from heater heaters0_ where heaters0_.room_id=?
Hibernate: delete from heater where room_id=?
Hibernate: select heater0_.id as id1_0_, heater0_.heater_status as heater_s2_0_, heater0_.name as name3_0_, heater0_.power as power4_0_, heater0_.room_id as room_id5_0_ from heater heater0_ left outer join room room1_ on (room1_.id=heater0_.room_id) where room1_.id in (? , ?)
2022-11-14 17:08:56.561  INFO 28588 --- [    Test worker] o.s.t.c.transaction.TransactionContext   : Rolled back transaction for test: [DefaultTestContext@34dcd7a1 testClass = HeaterDaoTest, testInstance = com.emse.spring.faircorp.dao.HeaterDaoTest@5c65001c, testMethod = shouldDeleteWindowsRoom@HeaterDaoTest, testException = [null], mergedContextConfiguration = [MergedContextConfiguration@6b00587b testClass = HeaterDaoTest, locations = '{}', classes = '{class com.emse.spring.faircorp.FaircorpApplication}', contextInitializerClasses = '[]', activeProfiles = '{}', propertySourceLocations = '{}', propertySourceProperties = '{org.springframework.boot.test.autoconfigure.orm.jpa.DataJpaTestContextBootstrapper=true}', contextCustomizers = set[org.springframework.boot.test.autoconfigure.OverrideAutoConfigurationContextCustomizerFactory$DisableAutoConfigurationContextCustomizer@18be7f57, org.springframework.boot.test.autoconfigure.actuate.metrics.MetricsExportContextCustomizerFactory$DisableMetricExportContextCustomizer@51972dc7, org.springframework.boot.test.autoconfigure.filter.TypeExcludeFiltersContextCustomizer@351584c0, org.springframework.boot.test.autoconfigure.properties.PropertyMappingContextCustomizer@70ad25f4, org.springframework.boot.test.autoconfigure.web.servlet.WebDriverContextCustomizerFactory$Customizer@6622fc65, [ImportsContextCustomizer@15ddf775 key = [org.springframework.boot.autoconfigure.cache.CacheAutoConfiguration, org.springframework.boot.autoconfigure.data.jpa.JpaRepositoriesAutoConfiguration, org.springframework.boot.autoconfigure.flyway.FlywayAutoConfiguration, org.springframework.boot.autoconfigure.jdbc.DataSourceAutoConfiguration, org.springframework.boot.autoconfigure.jdbc.DataSourceTransactionManagerAutoConfiguration, org.springframework.boot.autoconfigure.jdbc.JdbcTemplateAutoConfiguration, org.springframework.boot.autoconfigure.liquibase.LiquibaseAutoConfiguration, org.springframework.boot.autoconfigure.orm.jpa.HibernateJpaAutoConfiguration, org.springframework.boot.autoconfigure.sql.init.SqlInitializationAutoConfiguration, org.springframework.boot.autoconfigure.transaction.TransactionAutoConfiguration, org.springframework.boot.test.autoconfigure.jdbc.TestDatabaseAutoConfiguration, org.springframework.boot.test.autoconfigure.orm.jpa.TestEntityManagerAutoConfiguration]], org.springframework.boot.test.context.filter.ExcludeFilterContextCustomizer@64ba3208, org.springframework.boot.test.json.DuplicateJsonObjectContextCustomizerFactory$DuplicateJsonObjectContextCustomizer@2f17e30d, org.springframework.boot.test.mock.mockito.MockitoContextCustomizer@0, org.springframework.boot.test.context.SpringBootTestArgs@1, org.springframework.boot.test.context.SpringBootTestWebEnvironment@0], contextLoader = 'org.springframework.boot.test.context.SpringBootContextLoader', parent = [null]], attributes = map['org.springframework.test.context.event.ApplicationEventsTestExecutionListener.recordApplicationEvents' -> false]]
]]></system-out>
  <system-err><![CDATA[]]></system-err>
</testsuite>
