<?xml version="1.0" encoding="UTF-8"?>
<testsuite name="com.emse.spring.faircorp.hello.DummyUserServiceTest" tests="1" skipped="0" failures="0" errors="0" timestamp="2022-11-14T16:08:56" hostname="PC-THIBAULT-BOR" time="0.008">
  <properties/>
  <testcase name="testGreetingAll(CapturedOutput)" classname="com.emse.spring.faircorp.hello.DummyUserServiceTest" time="0.008"/>
  <system-out><![CDATA[2022-11-14 17:08:56.659  INFO 28588 --- [    Test worker] o.s.t.c.s.DefaultTestContextBootstrapper : Neither @ContextConfiguration nor @ContextHierarchy found for test class [com.emse.spring.faircorp.hello.DummyUserServiceTest], using DelegatingSmartContextLoader
2022-11-14 17:08:56.661  INFO 28588 --- [    Test worker] o.s.t.c.support.AbstractContextLoader    : Could not detect default resource locations for test class [com.emse.spring.faircorp.hello.DummyUserServiceTest]: no resource found for suffixes {-context.xml}.
2022-11-14 17:08:56.661  INFO 28588 --- [    Test worker] c.s.AbstractDelegatingSmartContextLoader : AnnotationConfigContextLoader detected default configuration classes for context configuration [ContextConfigurationAttributes@10d1f6da declaringClass = 'com.emse.spring.faircorp.hello.DummyUserServiceTest', classes = '{class com.emse.spring.faircorp.hello.DummyUserServiceTest$DummyUserServiceTestConfig}', locations = '{}', inheritLocations = false, initializers = '{}', inheritInitializers = true, name = [null], contextLoaderClass = 'org.springframework.test.context.ContextLoader'].
2022-11-14 17:08:56.662  INFO 28588 --- [    Test worker] o.s.t.c.s.DefaultTestContextBootstrapper : Loaded default TestExecutionListener class names from location [META-INF/spring.factories]: [org.springframework.security.test.context.support.WithSecurityContextTestExecutionListener, org.springframework.security.test.context.support.ReactorContextTestExecutionListener, org.springframework.boot.test.autoconfigure.restdocs.RestDocsTestExecutionListener, org.springframework.boot.test.autoconfigure.web.client.MockRestServiceServerResetTestExecutionListener, org.springframework.boot.test.autoconfigure.web.servlet.MockMvcPrintOnlyOnFailureTestExecutionListener, org.springframework.boot.test.autoconfigure.web.servlet.WebDriverTestExecutionListener, org.springframework.boot.test.autoconfigure.webservices.client.MockWebServiceServerTestExecutionListener, org.springframework.boot.test.mock.mockito.MockitoTestExecutionListener, org.springframework.boot.test.mock.mockito.ResetMocksTestExecutionListener, org.springframework.test.context.web.ServletTestExecutionListener, org.springframework.test.context.support.DirtiesContextBeforeModesTestExecutionListener, org.springframework.test.context.event.ApplicationEventsTestExecutionListener, org.springframework.test.context.support.DependencyInjectionTestExecutionListener, org.springframework.test.context.support.DirtiesContextTestExecutionListener, org.springframework.test.context.transaction.TransactionalTestExecutionListener, org.springframework.test.context.jdbc.SqlScriptsTestExecutionListener, org.springframework.test.context.event.EventPublishingTestExecutionListener]
2022-11-14 17:08:56.662  INFO 28588 --- [    Test worker] o.s.t.c.s.DefaultTestContextBootstrapper : Using TestExecutionListeners: [org.springframework.test.context.web.ServletTestExecutionListener@6dbf042, org.springframework.test.context.support.DirtiesContextBeforeModesTestExecutionListener@61c0a61, org.springframework.test.context.event.ApplicationEventsTestExecutionListener@66121af9, org.springframework.boot.test.mock.mockito.MockitoTestExecutionListener@62a153d3, org.springframework.test.context.support.DependencyInjectionTestExecutionListener@3b21f625, org.springframework.test.context.support.DirtiesContextTestExecutionListener@5d08bc22, org.springframework.test.context.transaction.TransactionalTestExecutionListener@2b3ba0a8, org.springframework.test.context.jdbc.SqlScriptsTestExecutionListener@43ec41d7, org.springframework.security.test.context.support.WithSecurityContextTestExecutionListener@77480751, org.springframework.test.context.event.EventPublishingTestExecutionListener@6fb94c36, org.springframework.security.test.context.support.ReactorContextTestExecutionListener@19f19f89, org.springframework.boot.test.autoconfigure.restdocs.RestDocsTestExecutionListener@38328799, org.springframework.boot.test.autoconfigure.web.client.MockRestServiceServerResetTestExecutionListener@f777d41, org.springframework.boot.test.autoconfigure.web.servlet.MockMvcPrintOnlyOnFailureTestExecutionListener@2a0a5865, org.springframework.boot.test.autoconfigure.web.servlet.WebDriverTestExecutionListener@3f92977a, org.springframework.boot.test.autoconfigure.webservices.client.MockWebServiceServerTestExecutionListener@1330d15e, org.springframework.boot.test.mock.mockito.ResetMocksTestExecutionListener@27192b0c]
Hello, Elodie!
Hello, Charles!
]]></system-out>
  <system-err><![CDATA[]]></system-err>
</testsuite>
