<?xml version="1.0" encoding="UTF-8"?>
<testsuite name="com.emse.spring.faircorp.FaircorpIntegrationTests" tests="3" skipped="0" failures="0" errors="0" timestamp="2022-12-25T20:55:54" hostname="PC-THIBAULT-BOR" time="1.419">
  <properties/>
  <testcase name="ensureThatUserAPICallReturnStatusCode200()" classname="com.emse.spring.faircorp.FaircorpIntegrationTests" time="0.992"/>
  <testcase name="Ensures that the content type starts with application/json" classname="com.emse.spring.faircorp.FaircorpIntegrationTests" time="0.226"/>
  <testcase name="Ensure that the JSON for the name cours fauriel contains a reference to the actual address" classname="com.emse.spring.faircorp.FaircorpIntegrationTests" time="0.199"/>
  <system-out><![CDATA[21:55:40.214 [Test worker] DEBUG org.springframework.test.context.BootstrapUtils - Instantiating CacheAwareContextLoaderDelegate from class [org.springframework.test.context.cache.DefaultCacheAwareContextLoaderDelegate]
21:55:40.241 [Test worker] DEBUG org.springframework.test.context.BootstrapUtils - Instantiating BootstrapContext using constructor [public org.springframework.test.context.support.DefaultBootstrapContext(java.lang.Class,org.springframework.test.context.CacheAwareContextLoaderDelegate)]
21:55:40.302 [Test worker] DEBUG org.springframework.test.context.BootstrapUtils - Instantiating TestContextBootstrapper for test class [com.emse.spring.faircorp.FaircorpIntegrationTests] from class [org.springframework.boot.test.context.SpringBootTestContextBootstrapper]
21:55:40.323 [Test worker] INFO org.springframework.boot.test.context.SpringBootTestContextBootstrapper - Neither @ContextConfiguration nor @ContextHierarchy found for test class [com.emse.spring.faircorp.FaircorpIntegrationTests], using SpringBootContextLoader
21:55:40.329 [Test worker] DEBUG org.springframework.test.context.support.AbstractContextLoader - Did not detect default resource location for test class [com.emse.spring.faircorp.FaircorpIntegrationTests]: class path resource [com/emse/spring/faircorp/FaircorpIntegrationTests-context.xml] does not exist
21:55:40.330 [Test worker] DEBUG org.springframework.test.context.support.AbstractContextLoader - Did not detect default resource location for test class [com.emse.spring.faircorp.FaircorpIntegrationTests]: class path resource [com/emse/spring/faircorp/FaircorpIntegrationTestsContext.groovy] does not exist
21:55:40.330 [Test worker] INFO org.springframework.test.context.support.AbstractContextLoader - Could not detect default resource locations for test class [com.emse.spring.faircorp.FaircorpIntegrationTests]: no resource found for suffixes {-context.xml, Context.groovy}.
21:55:40.337 [Test worker] INFO org.springframework.test.context.support.AnnotationConfigContextLoaderUtils - Could not detect default configuration classes for test class [com.emse.spring.faircorp.FaircorpIntegrationTests]: FaircorpIntegrationTests does not declare any static, non-private, non-final, nested classes annotated with @Configuration.
21:55:40.460 [Test worker] DEBUG org.springframework.test.context.support.ActiveProfilesUtils - Could not find an 'annotation declaring class' for annotation type [org.springframework.test.context.ActiveProfiles] and class [com.emse.spring.faircorp.FaircorpIntegrationTests]
21:55:40.663 [Test worker] DEBUG org.springframework.context.annotation.ClassPathScanningCandidateComponentProvider - Identified candidate component class: file [C:\Users\franc\Desktop\cours\EMSE_2A\Majeur info\faircorp\faircorp\build\classes\java\main\com\emse\spring\faircorp\FaircorpApplication.class]
21:55:40.694 [Test worker] INFO org.springframework.boot.test.context.SpringBootTestContextBootstrapper - Found @SpringBootConfiguration com.emse.spring.faircorp.FaircorpApplication for test class com.emse.spring.faircorp.FaircorpIntegrationTests
21:55:41.124 [Test worker] DEBUG org.springframework.boot.test.context.SpringBootTestContextBootstrapper - @TestExecutionListeners is not present for class [com.emse.spring.faircorp.FaircorpIntegrationTests]: using defaults.
21:55:41.125 [Test worker] INFO org.springframework.boot.test.context.SpringBootTestContextBootstrapper - Loaded default TestExecutionListener class names from location [META-INF/spring.factories]: [org.springframework.security.test.context.support.WithSecurityContextTestExecutionListener, org.springframework.security.test.context.support.ReactorContextTestExecutionListener, org.springframework.boot.test.autoconfigure.restdocs.RestDocsTestExecutionListener, org.springframework.boot.test.autoconfigure.web.client.MockRestServiceServerResetTestExecutionListener, org.springframework.boot.test.autoconfigure.web.servlet.MockMvcPrintOnlyOnFailureTestExecutionListener, org.springframework.boot.test.autoconfigure.web.servlet.WebDriverTestExecutionListener, org.springframework.boot.test.autoconfigure.webservices.client.MockWebServiceServerTestExecutionListener, org.springframework.boot.test.mock.mockito.MockitoTestExecutionListener, org.springframework.boot.test.mock.mockito.ResetMocksTestExecutionListener, org.springframework.test.context.web.ServletTestExecutionListener, org.springframework.test.context.support.DirtiesContextBeforeModesTestExecutionListener, org.springframework.test.context.event.ApplicationEventsTestExecutionListener, org.springframework.test.context.support.DependencyInjectionTestExecutionListener, org.springframework.test.context.support.DirtiesContextTestExecutionListener, org.springframework.test.context.transaction.TransactionalTestExecutionListener, org.springframework.test.context.jdbc.SqlScriptsTestExecutionListener, org.springframework.test.context.event.EventPublishingTestExecutionListener]
21:55:41.490 [Test worker] INFO org.springframework.boot.test.context.SpringBootTestContextBootstrapper - Using TestExecutionListeners: [org.springframework.test.context.web.ServletTestExecutionListener@59aa20b3, org.springframework.test.context.support.DirtiesContextBeforeModesTestExecutionListener@363f6148, org.springframework.test.context.event.ApplicationEventsTestExecutionListener@4b21844c, org.springframework.boot.test.mock.mockito.MockitoTestExecutionListener@1b28f282, org.springframework.boot.test.autoconfigure.SpringBootDependencyInjectionTestExecutionListener@138fe6ec, org.springframework.test.context.support.DirtiesContextTestExecutionListener@5e77f0f4, org.springframework.test.context.transaction.TransactionalTestExecutionListener@19b30c92, org.springframework.test.context.jdbc.SqlScriptsTestExecutionListener@455351c4, org.springframework.security.test.context.support.WithSecurityContextTestExecutionListener@29876704, org.springframework.test.context.event.EventPublishingTestExecutionListener@4816c290, org.springframework.security.test.context.support.ReactorContextTestExecutionListener@4940809c, org.springframework.boot.test.autoconfigure.restdocs.RestDocsTestExecutionListener@16423501, org.springframework.boot.test.autoconfigure.web.client.MockRestServiceServerResetTestExecutionListener@4efcf8a, org.springframework.boot.test.autoconfigure.web.servlet.MockMvcPrintOnlyOnFailureTestExecutionListener@7a138fc5, org.springframework.boot.test.autoconfigure.web.servlet.WebDriverTestExecutionListener@379ab47b, org.springframework.boot.test.autoconfigure.webservices.client.MockWebServiceServerTestExecutionListener@307765b4, org.springframework.boot.test.mock.mockito.ResetMocksTestExecutionListener@4a9e6faf]
21:55:41.679 [Test worker] DEBUG org.springframework.test.context.support.AbstractDirtiesContextTestExecutionListener - Before test class: context [DefaultTestContext@11389053 testClass = FaircorpIntegrationTests, testInstance = [null], testMethod = [null], testException = [null], mergedContextConfiguration = [WebMergedContextConfiguration@5db99216 testClass = FaircorpIntegrationTests, locations = '{}', classes = '{class com.emse.spring.faircorp.FaircorpApplication}', contextInitializerClasses = '[]', activeProfiles = '{}', propertySourceLocations = '{}', propertySourceProperties = '{org.springframework.boot.test.context.SpringBootTestContextBootstrapper=true}', contextCustomizers = set[org.springframework.boot.test.autoconfigure.actuate.metrics.MetricsExportContextCustomizerFactory$DisableMetricExportContextCustomizer@1d470d0, org.springframework.boot.test.autoconfigure.properties.PropertyMappingContextCustomizer@0, org.springframework.boot.test.autoconfigure.web.servlet.WebDriverContextCustomizerFactory$Customizer@25a6944c, org.springframework.boot.test.context.filter.ExcludeFilterContextCustomizer@2f17e30d, org.springframework.boot.test.json.DuplicateJsonObjectContextCustomizerFactory$DuplicateJsonObjectContextCustomizer@4fce136b, org.springframework.boot.test.mock.mockito.MockitoContextCustomizer@0, org.springframework.boot.test.web.client.TestRestTemplateContextCustomizer@1d2bd371, org.springframework.boot.test.context.SpringBootTestArgs@1, org.springframework.boot.test.context.SpringBootTestWebEnvironment@66d3eec0], resourceBasePath = 'src/main/webapp', contextLoader = 'org.springframework.boot.test.context.SpringBootContextLoader', parent = [null]], attributes = map['org.springframework.test.context.web.ServletTestExecutionListener.activateListener' -> true]], class annotated with @DirtiesContext [false] with mode [null].

  .   ____          _            __ _ _
 /\\ / ___'_ __ _ _(_)_ __  __ _ \ \ \ \
( ( )\___ | '_ | '_| | '_ \/ _` | \ \ \ \
 \\/  ___)| |_)| | | | | || (_| |  ) ) ) )
  '  |____| .__|_| |_|_| |_\__, | / / / /
 =========|_|==============|___/=/_/_/_/
 :: Spring Boot ::                (v2.7.3)

2022-12-25 21:55:43.310  INFO 45820 --- [    Test worker] c.e.s.faircorp.FaircorpIntegrationTests  : Starting FaircorpIntegrationTests using Java 17.0.2 on PC-Thibault-BORDE with PID 45820 (started by Thibault in C:\Users\franc\Desktop\cours\EMSE_2A\Majeur info\faircorp\faircorp)
2022-12-25 21:55:43.314  INFO 45820 --- [    Test worker] c.e.s.faircorp.FaircorpIntegrationTests  : No active profile set, falling back to 1 default profile: "default"
2022-12-25 21:55:46.614  INFO 45820 --- [    Test worker] .s.d.r.c.RepositoryConfigurationDelegate : Bootstrapping Spring Data JPA repositories in DEFAULT mode.
2022-12-25 21:55:46.747  INFO 45820 --- [    Test worker] .s.d.r.c.RepositoryConfigurationDelegate : Finished Spring Data repository scanning in 115 ms. Found 3 JPA repository interfaces.
2022-12-25 21:55:48.021  INFO 45820 --- [    Test worker] o.hibernate.jpa.internal.util.LogHelper  : HHH000204: Processing PersistenceUnitInfo [name: default]
2022-12-25 21:55:48.137  INFO 45820 --- [    Test worker] org.hibernate.Version                    : HHH000412: Hibernate ORM core version 5.6.10.Final
2022-12-25 21:55:48.418  INFO 45820 --- [    Test worker] o.hibernate.annotations.common.Version   : HCANN000001: Hibernate Commons Annotations {5.1.2.Final}
2022-12-25 21:55:48.650  INFO 45820 --- [    Test worker] com.zaxxer.hikari.HikariDataSource       : HikariPool-1 - Starting...
2022-12-25 21:55:48.977  INFO 45820 --- [    Test worker] com.zaxxer.hikari.HikariDataSource       : HikariPool-1 - Start completed.
2022-12-25 21:55:48.993  INFO 45820 --- [    Test worker] org.hibernate.dialect.Dialect            : HHH000400: Using dialect: org.hibernate.dialect.H2Dialect
2022-12-25 21:55:49.917  INFO 45820 --- [    Test worker] o.h.e.t.j.p.i.JtaPlatformInitiator       : HHH000490: Using JtaPlatform implementation: [org.hibernate.engine.transaction.jta.platform.internal.NoJtaPlatform]
2022-12-25 21:55:49.928  INFO 45820 --- [    Test worker] j.LocalContainerEntityManagerFactoryBean : Initialized JPA EntityManagerFactory for persistence unit 'default'
2022-12-25 21:55:51.394  WARN 45820 --- [    Test worker] JpaBaseConfiguration$JpaWebConfiguration : spring.jpa.open-in-view is enabled by default. Therefore, database queries may be performed during view rendering. Explicitly configure spring.jpa.open-in-view to disable this warning
2022-12-25 21:55:51.616  INFO 45820 --- [    Test worker] o.s.b.a.h2.H2ConsoleAutoConfiguration    : H2 console available at '/console'. Database available at 'jdbc:h2:file:./data/demo'
2022-12-25 21:55:53.004  INFO 45820 --- [    Test worker] o.s.b.a.w.s.WelcomePageHandlerMapping    : Adding welcome page: class path resource [static/index.html]
2022-12-25 21:55:53.228  INFO 45820 --- [    Test worker] o.s.s.web.DefaultSecurityFilterChain     : Will secure Ant [pattern='/api/**'] with [org.springframework.security.web.session.DisableEncodeUrlFilter@8b93c88, org.springframework.security.web.context.request.async.WebAsyncManagerIntegrationFilter@628e0403, org.springframework.security.web.context.SecurityContextPersistenceFilter@33f3ebfc, org.springframework.security.web.header.HeaderWriterFilter@4b8ba6b7, org.springframework.web.filter.CorsFilter@3a70acd5, org.springframework.security.web.authentication.logout.LogoutFilter@154cbb46, org.springframework.security.web.authentication.UsernamePasswordAuthenticationFilter@7f93fce1, org.springframework.security.web.authentication.ui.DefaultLoginPageGeneratingFilter@7021bb55, org.springframework.security.web.authentication.ui.DefaultLogoutPageGeneratingFilter@475fb7, org.springframework.security.web.authentication.www.BasicAuthenticationFilter@3f7aa4f8, org.springframework.security.web.savedrequest.RequestCacheAwareFilter@197da701, org.springframework.security.web.servletapi.SecurityContextHolderAwareRequestFilter@35fd03d9, org.springframework.security.web.authentication.AnonymousAuthenticationFilter@41db6e4b, org.springframework.security.web.session.SessionManagementFilter@6bca6c4c, org.springframework.security.web.access.ExceptionTranslationFilter@700596f9, org.springframework.security.web.access.intercept.FilterSecurityInterceptor@7a5a26b7]
2022-12-25 21:55:53.234  INFO 45820 --- [    Test worker] o.s.s.web.DefaultSecurityFilterChain     : Will secure Ant [pattern='/console/**'] with [org.springframework.security.web.session.DisableEncodeUrlFilter@951053f, org.springframework.security.web.context.request.async.WebAsyncManagerIntegrationFilter@e196238, org.springframework.security.web.context.SecurityContextPersistenceFilter@3fecdd00, org.springframework.security.web.header.HeaderWriterFilter@41fe0d98, org.springframework.security.web.authentication.logout.LogoutFilter@19983dd1, org.springframework.security.web.authentication.UsernamePasswordAuthenticationFilter@37bac0f4, org.springframework.security.web.authentication.ui.DefaultLoginPageGeneratingFilter@2f143ea, org.springframework.security.web.authentication.ui.DefaultLogoutPageGeneratingFilter@6f45be6f, org.springframework.security.web.authentication.www.BasicAuthenticationFilter@20c55658, org.springframework.security.web.savedrequest.RequestCacheAwareFilter@5562f297, org.springframework.security.web.servletapi.SecurityContextHolderAwareRequestFilter@64c1a76e, org.springframework.security.web.authentication.AnonymousAuthenticationFilter@65384249, org.springframework.security.web.session.SessionManagementFilter@7b23aea2, org.springframework.security.web.access.ExceptionTranslationFilter@4505ec36, org.springframework.security.web.access.intercept.FilterSecurityInterceptor@1f031994]
2022-12-25 21:55:53.252  INFO 45820 --- [    Test worker] o.s.s.web.DefaultSecurityFilterChain     : Will secure any request with [org.springframework.security.web.session.DisableEncodeUrlFilter@102dff25, org.springframework.security.web.context.request.async.WebAsyncManagerIntegrationFilter@216de23a, org.springframework.security.web.context.SecurityContextPersistenceFilter@6dd59886, org.springframework.security.web.header.HeaderWriterFilter@599cf2cd, org.springframework.web.filter.CorsFilter@76e10574, org.springframework.security.web.csrf.CsrfFilter@76a1cc1a, org.springframework.security.web.authentication.logout.LogoutFilter@52539624, org.springframework.security.web.authentication.UsernamePasswordAuthenticationFilter@3c5d60db, org.springframework.security.web.authentication.ui.DefaultLoginPageGeneratingFilter@4b98c80c, org.springframework.security.web.authentication.ui.DefaultLogoutPageGeneratingFilter@7c290246, org.springframework.security.web.authentication.www.BasicAuthenticationFilter@515b7335, org.springframework.security.web.savedrequest.RequestCacheAwareFilter@65a7bc80, org.springframework.security.web.servletapi.SecurityContextHolderAwareRequestFilter@5b132063, org.springframework.security.web.authentication.AnonymousAuthenticationFilter@3021e31, org.springframework.security.web.session.SessionManagementFilter@52984065, org.springframework.security.web.access.ExceptionTranslationFilter@21252bef, org.springframework.security.web.access.intercept.FilterSecurityInterceptor@706dee4]
2022-12-25 21:55:54.393  INFO 45820 --- [    Test worker] c.e.s.faircorp.FaircorpIntegrationTests  : Started FaircorpIntegrationTests in 12.62 seconds (JVM running for 18.884)
Hello, Spring!
]]></system-out>
  <system-err><![CDATA[]]></system-err>
</testsuite>
